[    0.000000] Initializing cgroup subsys cpuset
[    0.000000] Initializing cgroup subsys cpu
[    0.000000] Initializing cgroup subsys cpuacct
[    0.000000] Linux version 4.4.0-210-generic (buildd@lgw01-amd64-009) (gcc version 5.4.0 20160609 (Ubuntu 5.4.0-6ubuntu1~16.04.12) ) #242-Ubuntu SMP Fri Apr 16 09:57:56 UTC 2021 (Ubuntu 4.4.0-210.242-generic 4.4.262)
[    0.000000] Command line: BOOT_IMAGE=/boot/vmlinuz-4.4.0-210-generic root=LABEL=cloudimg-rootfs ro console=tty1 console=ttyS0
[    0.000000] KERNEL supported cpus:
[    0.000000]   Intel GenuineIntel
[    0.000000]   AMD AuthenticAMD
[    0.000000]   Centaur CentaurHauls
[    0.000000] x86/fpu: xstate_offset[2]:  576, xstate_sizes[2]:  256
[    0.000000] x86/fpu: Supporting XSAVE feature 0x01: 'x87 floating point registers'
[    0.000000] x86/fpu: Supporting XSAVE feature 0x02: 'SSE registers'
[    0.000000] x86/fpu: Supporting XSAVE feature 0x04: 'AVX registers'
[    0.000000] x86/fpu: Enabled xstate features 0x7, context size is 832 bytes, using 'standard' format.
[    0.000000] e820: BIOS-provided physical RAM map:
[    0.000000] BIOS-e820: [mem 0x0000000000000000-0x000000000009fbff] usable
[    0.000000] BIOS-e820: [mem 0x000000000009fc00-0x000000000009ffff] reserved
[    0.000000] BIOS-e820: [mem 0x00000000000f0000-0x00000000000fffff] reserved
[    0.000000] BIOS-e820: [mem 0x0000000000100000-0x000000001ffeffff] usable
[    0.000000] BIOS-e820: [mem 0x000000001fff0000-0x000000001fffffff] ACPI data
[    0.000000] BIOS-e820: [mem 0x00000000fec00000-0x00000000fec00fff] reserved
[    0.000000] BIOS-e820: [mem 0x00000000fee00000-0x00000000fee00fff] reserved
[    0.000000] BIOS-e820: [mem 0x00000000fffc0000-0x00000000ffffffff] reserved
[    0.000000] NX (Execute Disable) protection: active
[    0.000000] SMBIOS 2.5 present.
[    0.000000] Hypervisor detected: KVM
[    0.000000] e820: last_pfn = 0x1fff0 max_arch_pfn = 0x400000000
[    0.000000] MTRR: Disabled
[    0.000000] x86/PAT: MTRRs disabled, skipping PAT initialization too.
[    0.000000] CPU MTRRs all blank - virtualized system.
[    0.000000] x86/PAT: Configuration [0-7]: WB  WT  UC- UC  WB  WT  UC- UC  
[    0.000000] found SMP MP-table at [mem 0x0009fff0-0x0009ffff] mapped at [ffff88000009fff0]
[    0.000000] Scanning 1 areas for low memory corruption
[    0.000000] RAMDISK: [mem 0x1e95d000-0x1f7e6fff]
[    0.000000] ACPI: Early table checksum verification disabled
[    0.000000] ACPI: RSDP 0x00000000000E0000 000024 (v02 VBOX  )
[    0.000000] ACPI: XSDT 0x000000001FFF0030 00003C (v01 VBOX   VBOXXSDT 00000001 ASL  00000061)
[    0.000000] ACPI: FACP 0x000000001FFF00F0 0000F4 (v04 VBOX   VBOXFACP 00000001 ASL  00000061)
[    0.000000] ACPI: DSDT 0x000000001FFF0470 002325 (v02 VBOX   VBOXBIOS 00000002 INTL 20100528)
[    0.000000] ACPI: FACS 0x000000001FFF0200 000040
[    0.000000] ACPI: FACS 0x000000001FFF0200 000040
[    0.000000] ACPI: APIC 0x000000001FFF0240 000054 (v02 VBOX   VBOXAPIC 00000001 ASL  00000061)
[    0.000000] ACPI: SSDT 0x000000001FFF02A0 0001CC (v01 VBOX   VBOXCPUT 00000002 INTL 20100528)
[    0.000000] No NUMA configuration found
[    0.000000] Faking a node at [mem 0x0000000000000000-0x000000001ffeffff]
[    0.000000] NODE_DATA(0) allocated [mem 0x1ffeb000-0x1ffeffff]
[    0.000000] kvm-clock: Using msrs 4b564d01 and 4b564d00
[    0.000000] kvm-clock: cpu 0, msr 0:1ffe3001, primary cpu clock
[    0.000000] kvm-clock: using sched offset of 3909321172 cycles
[    0.000000] clocksource: kvm-clock: mask: 0xffffffffffffffff max_cycles: 0x1cd42e4dffb, max_idle_ns: 881590591483 ns
[    0.000000] Zone ranges:
[    0.000000]   DMA      [mem 0x0000000000001000-0x0000000000ffffff]
[    0.000000]   DMA32    [mem 0x0000000001000000-0x000000001ffeffff]
[    0.000000]   Normal   empty
[    0.000000]   Device   empty
[    0.000000] Movable zone start for each node
[    0.000000] Early memory node ranges
[    0.000000]   node   0: [mem 0x0000000000001000-0x000000000009efff]
[    0.000000]   node   0: [mem 0x0000000000100000-0x000000001ffeffff]
[    0.000000] Initmem setup node 0 [mem 0x0000000000001000-0x000000001ffeffff]
[    0.000000] ACPI: PM-Timer IO Port: 0x4008
[    0.000000] IOAPIC[0]: apic_id 1, version 32, address 0xfec00000, GSI 0-23
[    0.000000] ACPI: INT_SRC_OVR (bus 0 bus_irq 0 global_irq 2 dfl dfl)
[    0.000000] ACPI: INT_SRC_OVR (bus 0 bus_irq 9 global_irq 9 low level)
[    0.000000] Using ACPI (MADT) for SMP configuration information
[    0.000000] smpboot: Allowing 1 CPUs, 0 hotplug CPUs
[    0.000000] PM: Registered nosave memory: [mem 0x00000000-0x00000fff]
[    0.000000] PM: Registered nosave memory: [mem 0x0009f000-0x0009ffff]
[    0.000000] PM: Registered nosave memory: [mem 0x000a0000-0x000effff]
[    0.000000] PM: Registered nosave memory: [mem 0x000f0000-0x000fffff]
[    0.000000] e820: [mem 0x20000000-0xfebfffff] available for PCI devices
[    0.000000] Booting paravirtualized kernel on KVM
[    0.000000] clocksource: refined-jiffies: mask: 0xffffffff max_cycles: 0xffffffff, max_idle_ns: 7645519600211568 ns
[    0.000000] setup_percpu: NR_CPUS:512 nr_cpumask_bits:512 nr_cpu_ids:1 nr_node_ids:1
[    0.000000] PERCPU: Embedded 33 pages/cpu @ffff88001fc00000 s95192 r8192 d31784 u2097152
[    0.000000] Built 1 zonelists in Node order, mobility grouping on.  Total pages: 128888
[    0.000000] Policy zone: DMA32
[    0.000000] Kernel command line: BOOT_IMAGE=/boot/vmlinuz-4.4.0-210-generic root=LABEL=cloudimg-rootfs ro console=tty1 console=ttyS0
[    0.000000] PID hash table entries: 2048 (order: 2, 16384 bytes)
[    0.000000] Memory: 481844K/523832K available (8644K kernel code, 1332K rwdata, 4044K rodata, 1492K init, 1164K bss, 41988K reserved, 0K cma-reserved)
[    0.000000] SLUB: HWalign=64, Order=0-3, MinObjects=0, CPUs=1, Nodes=1
[    0.000000] Kernel/User page tables isolation: enabled
[    0.000000] Hierarchical RCU implementation.
[    0.000000] 	Build-time adjustment of leaf fanout to 64.
[    0.000000] 	RCU restricting CPUs from NR_CPUS=512 to nr_cpu_ids=1.
[    0.000000] RCU: Adjusting geometry for rcu_fanout_leaf=64, nr_cpu_ids=1
[    0.000000] NR_IRQS:33024 nr_irqs:256 16
[    0.000000] Console: colour VGA+ 80x25
[    0.000000] console [tty1] enabled
[    0.000000] console [ttyS0] enabled
[    0.000000] tsc: Detected 3408.008 MHz processor
[    0.179583] Calibrating delay loop (skipped) preset value.. 6816.01 BogoMIPS (lpj=13632032)
[    0.181807] pid_max: default: 32768 minimum: 301
[    0.183421] ACPI: Core revision 20150930
[    0.186683] ACPI: 2 ACPI AML tables successfully acquired and loaded
[    0.188615] Security Framework initialized
[    0.190188] Yama: becoming mindful.
[    0.192010] AppArmor: AppArmor initialized
[    0.193577] Dentry cache hash table entries: 65536 (order: 7, 524288 bytes)
[    0.195225] Inode-cache hash table entries: 32768 (order: 6, 262144 bytes)
[    0.197003] Mount-cache hash table entries: 1024 (order: 1, 8192 bytes)
[    0.198681] Mountpoint-cache hash table entries: 1024 (order: 1, 8192 bytes)
[    0.200396] Initializing cgroup subsys io
[    0.201248] Initializing cgroup subsys memory
[    0.202332] Initializing cgroup subsys devices
[    0.203536] Initializing cgroup subsys freezer
[    0.204558] Initializing cgroup subsys net_cls
[    0.205836] Initializing cgroup subsys perf_event
[    0.207003] Initializing cgroup subsys net_prio
[    0.208237] Initializing cgroup subsys hugetlb
[    0.209192] Initializing cgroup subsys pids
[    0.211225] mce: CPU supports 0 MCE banks
[    0.212171] process: using mwait in idle threads
[    0.213166] Last level iTLB entries: 4KB 64, 2MB 8, 4MB 8
[    0.214333] Last level dTLB entries: 4KB 64, 2MB 0, 4MB 0, 1GB 4
[    0.215855] Spectre V1 : Mitigation: usercopy/swapgs barriers and __user pointer sanitization
[    0.217929] Spectre V2 : Mitigation: Full generic retpoline
[    0.219246] Spectre V2 : Spectre v2 / SpectreRSB mitigation: Filling RSB on context switch
[    0.222575] Speculative Store Bypass: Vulnerable
[    0.224519] SRBDS: Unknown: Dependent on hypervisor status
[    0.226710] MDS: Mitigation: Clear CPU buffers
[    0.257582] Freeing SMP alternatives memory: 36K
[    0.265745] ftrace: allocating 32380 entries in 127 pages
[    0.335261] smpboot: APIC(0) Converting physical 0 to logical package 0
[    0.336868] smpboot: Max logical packages: 1
[    0.338293] x2apic enabled
[    0.339230] Switched APIC routing to physical x2apic.
[    0.341341] ..TIMER: vector=0x30 apic1=0 pin1=2 apic2=-1 pin2=-1
[    0.450619] smpboot: CPU0: Intel(R) Core(TM) i7-6700 CPU @ 3.40GHz (family: 0x6, model: 0x5e, stepping: 0x3)
[    0.453002] Performance Events: unsupported p6 CPU model 94 no PMU driver, software events only.
[    0.466693] KVM setup paravirtual spinlock
[    0.468529] x86: Booted up 1 node, 1 CPUs
[    0.469553] smpboot: Total of 1 processors activated (6816.01 BogoMIPS)
[    0.471566] devtmpfs: initialized
[    0.473966] evm: security.selinux
[    0.475055] evm: security.SMACK64
[    0.475776] evm: security.SMACK64EXEC
[    0.476681] evm: security.SMACK64TRANSMUTE
[    0.477646] evm: security.SMACK64MMAP
[    0.478619] evm: security.ima
[    0.479390] evm: security.capability
[    0.480336] clocksource: jiffies: mask: 0xffffffff max_cycles: 0xffffffff, max_idle_ns: 7645041785100000 ns
[    0.482303] futex hash table entries: 256 (order: 2, 16384 bytes)
[    0.483723] pinctrl core: initialized pinctrl subsystem
[    0.484986] RTC time: 17:30:53, date: 08/19/21
[    0.486039] NET: Registered protocol family 16
[    0.487392] cpuidle: using governor ladder
[    0.488227] cpuidle: using governor menu
[    0.489174] PCCT header not found.
[    0.490054] ACPI: bus type PCI registered
[    0.491168] acpiphp: ACPI Hot Plug PCI Controller Driver version: 0.5
[    0.492662] PCI: Using configuration type 1 for base access
[    0.497592] ACPI: Added _OSI(Module Device)
[    0.498488] ACPI: Added _OSI(Processor Device)
[    0.499444] ACPI: Added _OSI(3.0 _SCP Extensions)
[    0.500407] ACPI: Added _OSI(Processor Aggregator Device)
[    0.502044] ACPI: Executed 1 blocks of module-level executable AML code
[    0.506095] ACPI: Interpreter enabled
[    0.507376] ACPI: (supports S0 S5)
[    0.508366] ACPI: Using IOAPIC for interrupt routing
[    0.509866] PCI: Using host bridge windows from ACPI; if necessary, use "pci=nocrs" and report a bug
[    0.517344] ACPI: PCI Root Bridge [PCI0] (domain 0000 [bus 00-ff])
[    0.519142] acpi PNP0A03:00: _OSC: OS supports [ASPM ClockPM Segments MSI]
[    0.521426] acpi PNP0A03:00: _OSC: not requesting OS control; OS requires [ExtendedConfig ASPM ClockPM MSI]
[    0.523841] acpi PNP0A03:00: fail to add MMCONFIG information, can't access extended PCI configuration space under this bridge.
[    0.526785] PCI host bridge to bus 0000:00
[    0.527746] pci_bus 0000:00: root bus resource [io  0x0000-0x0cf7 window]
[    0.529349] pci_bus 0000:00: root bus resource [io  0x0d00-0xffff window]
[    0.530882] pci_bus 0000:00: root bus resource [mem 0x000a0000-0x000bffff window]
[    0.532804] pci_bus 0000:00: root bus resource [mem 0x20000000-0xfdffffff window]
[    0.534471] pci_bus 0000:00: root bus resource [bus 00-ff]
[    0.537770] pci 0000:00:01.1: legacy IDE quirk: reg 0x10: [io  0x01f0-0x01f7]
[    0.539214] pci 0000:00:01.1: legacy IDE quirk: reg 0x14: [io  0x03f6]
[    0.540689] pci 0000:00:01.1: legacy IDE quirk: reg 0x18: [io  0x0170-0x0177]
[    0.542302] pci 0000:00:01.1: legacy IDE quirk: reg 0x1c: [io  0x0376]
[    0.564382] pci 0000:00:07.0: quirk: [io  0x4000-0x403f] claimed by PIIX4 ACPI
[    0.566472] pci 0000:00:07.0: quirk: [io  0x4100-0x410f] claimed by PIIX4 SMB
[    0.573525] ACPI: PCI Interrupt Link [LNKA] (IRQs 5 9 10 *11)
[    0.575674] ACPI: PCI Interrupt Link [LNKB] (IRQs 5 9 *10 11)
[    0.577682] ACPI: PCI Interrupt Link [LNKC] (IRQs 5 *9 10 11)
[    0.579702] ACPI: PCI Interrupt Link [LNKD] (IRQs 5 9 10 *11)
[    0.581797] ACPI: Enabled 2 GPEs in block 00 to 07
[    0.583456] vgaarb: setting as boot device: PCI:0000:00:02.0
[    0.584871] vgaarb: device added: PCI:0000:00:02.0,decodes=io+mem,owns=io+mem,locks=none
[    0.587070] vgaarb: loaded
[    0.587909] vgaarb: bridge control possible 0000:00:02.0
[    0.589225] SCSI subsystem initialized
[    0.590118] ACPI: bus type USB registered
[    0.590989] usbcore: registered new interface driver usbfs
[    0.592170] usbcore: registered new interface driver hub
[    0.593410] usbcore: registered new device driver usb
[    0.594598] PCI: Using ACPI for IRQ routing
[    0.596175] NetLabel: Initializing
[    0.597389] NetLabel:  domain hash size = 128
[    0.598460] NetLabel:  protocols = UNLABELED CIPSOv4
[    0.599743] NetLabel:  unlabeled traffic allowed by default
[    0.600879] amd_nb: Cannot enumerate AMD northbridges
[    0.601914] clocksource: Switched to clocksource kvm-clock
[    0.611822] AppArmor: AppArmor Filesystem Enabled
[    0.613411] pnp: PnP ACPI init
[    0.615028] pnp: PnP ACPI: found 3 devices
[    0.621632] clocksource: acpi_pm: mask: 0xffffff max_cycles: 0xffffff, max_idle_ns: 2085701024 ns
[    0.623890] NET: Registered protocol family 2
[    0.624980] TCP established hash table entries: 4096 (order: 3, 32768 bytes)
[    0.626464] TCP bind hash table entries: 4096 (order: 4, 65536 bytes)
[    0.627968] TCP: Hash tables configured (established 4096 bind 4096)
[    0.629545] UDP hash table entries: 256 (order: 1, 8192 bytes)
[    0.630715] UDP-Lite hash table entries: 256 (order: 1, 8192 bytes)
[    0.631915] NET: Registered protocol family 1
[    0.632967] pci 0000:00:00.0: Limiting direct PCI/PCI transfers
[    0.634221] pci 0000:00:01.0: Activating ISA DMA hang workarounds
[    0.635695] Unpacking initramfs...
[    0.914271] Freeing initrd memory: 14888K
[    0.915483] clocksource: tsc: mask: 0xffffffffffffffff max_cycles: 0x311fdc0cd74, max_idle_ns: 440795347145 ns
[    0.927235] platform rtc_cmos: registered platform RTC device (no PNP device found)
[    0.929861] Scanning for low memory corruption every 60 seconds
[    0.932441] audit: initializing netlink subsys (disabled)
[    0.933773] audit: type=2000 audit(1629394258.890:1): initialized
[    0.935396] Initialise system trusted keyring
[    0.936433] HugeTLB registered 2 MB page size, pre-allocated 0 pages
[    0.939444] zbud: loaded
[    0.940385] VFS: Disk quotas dquot_6.6.0
[    0.941538] VFS: Dquot-cache hash table entries: 512 (order 0, 4096 bytes)
[    0.944702] squashfs: version 4.0 (2009/01/31) Phillip Lougher
[    0.946932] fuse init (API version 7.23)
[    0.948172] Key type big_key registered
[    0.949343] Allocating IMA MOK and blacklist keyrings.
[    0.950944] Key type asymmetric registered
[    0.951894] Asymmetric key parser 'x509' registered
[    0.953708] Block layer SCSI generic (bsg) driver version 0.4 loaded (major 249)
[    0.956262] io scheduler noop registered
[    0.957772] io scheduler deadline registered (default)
[    0.959606] io scheduler cfq registered
[    0.960807] pci_hotplug: PCI Hot Plug PCI Core version: 0.5
[    0.962256] pciehp: PCI Express Hot Plug Controller Driver version: 0.4
[    0.964602] ACPI: AC Adapter [AC] (on-line)
[    0.966032] input: Power Button as /devices/LNXSYSTM:00/LNXPWRBN:00/input/input0
[    0.967939] ACPI: Power Button [PWRF]
[    0.968809] input: Sleep Button as /devices/LNXSYSTM:00/LNXSLPBN:00/input/input1
[    0.970456] ACPI: Sleep Button [SLPF]
[    0.971868] GHES: HEST is not enabled!
[    0.973207] Serial: 8250/16550 driver, 32 ports, IRQ sharing enabled
[    0.995294] 00:02: ttyS0 at I/O 0x3f8 (irq = 4, base_baud = 115200) is a 16550A
[    0.998087] Linux agpgart interface v0.103
[    1.002671] loop: module loaded
[    1.004050] scsi host0: ata_piix
[    1.004895] scsi host1: ata_piix
[    1.005690] ata1: PATA max UDMA/33 cmd 0x1f0 ctl 0x3f6 bmdma 0xd000 irq 14
[    1.007145] ata2: PATA max UDMA/33 cmd 0x170 ctl 0x376 bmdma 0xd008 irq 15
[    1.008756] libphy: Fixed MDIO Bus: probed
[    1.009641] tun: Universal TUN/TAP device driver, 1.6
[    1.010863] tun: (C) 1999-2004 Max Krasnyansky <maxk@qualcomm.com>
[    1.012352] PPP generic driver version 2.4.2
[    1.013460] ehci_hcd: USB 2.0 'Enhanced' Host Controller (EHCI) Driver
[    1.014723] ehci-pci: EHCI PCI platform driver
[    1.015906] ehci-platform: EHCI generic platform driver
[    1.017027] ohci_hcd: USB 1.1 'Open' Host Controller (OHCI) Driver
[    1.018352] ohci-pci: OHCI PCI platform driver
[    1.019737] ohci-platform: OHCI generic platform driver
[    1.021432] uhci_hcd: USB Universal Host Controller Interface driver
[    1.023869] i8042: PNP: PS/2 Controller [PNP0303:PS2K,PNP0f03:PS2M] at 0x60,0x64 irq 1,12
[    1.026854] serio: i8042 KBD port at 0x60,0x64 irq 1
[    1.028028] serio: i8042 AUX port at 0x60,0x64 irq 12
[    1.029614] mousedev: PS/2 mouse device common for all mice
[    1.031373] input: AT Translated Set 2 keyboard as /devices/platform/i8042/serio0/input/input2
[    1.034046] rtc_cmos rtc_cmos: rtc core: registered rtc_cmos as rtc0
[    1.035428] rtc_cmos rtc_cmos: alarms up to one day, 114 bytes nvram
[    1.036722] i2c /dev entries driver
[    1.037697] device-mapper: uevent: version 1.0.3
[    1.038802] device-mapper: ioctl: 4.34.0-ioctl (2015-10-28) initialised: dm-devel@redhat.com
[    1.040534] ledtrig-cpu: registered to indicate activity on CPUs
[    1.042075] NET: Registered protocol family 10
[    1.043174] NET: Registered protocol family 17
[    1.044152] Key type dns_resolver registered
[    1.045273] registered taskstats version 1
[    1.046244] Loading compiled-in X.509 certificates
[    1.048250] Loaded X.509 cert 'Build time autogenerated kernel key: cf00e047681d67edb2720680708b7d9498083038'
[    1.050553] zswap: loaded using pool lzo/zbud
[    1.053519] Key type trusted registered
[    1.058489] Key type encrypted registered
[    1.059467] AppArmor: AppArmor sha1 policy hashing enabled
[    1.060862] ima: No TPM chip found, activating TPM-bypass!
[    1.062278] ima: Allocated hash algorithm: sha1
[    1.063923] evm: HMAC attrs: 0x1
[    1.065343]   Magic number: 1:721:542
[    1.066361] rtc_cmos rtc_cmos: setting system clock to 2021-08-19 17:30:53 UTC (1629394253)
[    1.068339] BIOS EDD facility v0.16 2004-Jun-25, 0 devices found
[    1.069497] EDD information not available.
[    1.188631] Freeing unused kernel memory: 1492K
[    1.189746] Write protecting the kernel read-only data: 14336k
[    1.191347] Freeing unused kernel memory: 1584K
[    1.192343] Freeing unused kernel memory: 52K
Loading, please wait...
starting version 229
[    1.205347] random: udevadm: uninitialized urandom read (16 bytes read, 3 bits of entropy available)
[    1.207905] random: systemd-udevd: uninitialized urandom read (16 bytes read, 3 bits of entropy available)
[    1.210819] random: systemd-udevd: uninitialized urandom read (16 bytes read, 3 bits of entropy available)
[    1.212750] random: systemd-udevd: uninitialized urandom read (16 bytes read, 3 bits of entropy available)
[    1.214979] random: udevadm: uninitialized urandom read (16 bytes read, 3 bits of entropy available)
[    1.220396] random: systemd-udevd: uninitialized urandom read (16 bytes read, 3 bits of entropy available)
[    1.228160] random: systemd-udevd: uninitialized urandom read (16 bytes read, 3 bits of entropy available)
[    1.230134] random: systemd-udevd: uninitialized urandom read (16 bytes read, 3 bits of entropy available)
[    1.234226] random: systemd-udevd: uninitialized urandom read (16 bytes read, 3 bits of entropy available)
[    1.236262] random: systemd-udevd: uninitialized urandom read (16 bytes read, 3 bits of entropy available)
[    1.301576] e1000: Intel(R) PRO/1000 Network Driver - version 7.3.21-k8-NAPI
[    1.303407] e1000: Copyright (c) 1999-2006 Intel Corporation.
[    1.308966] Fusion MPT base driver 3.04.20
[    1.309885] Copyright (c) 1999-2008 LSI Corporation
[    1.323308] Fusion MPT SPI Host driver 3.04.20
[    1.345483] AVX2 version of gcm_enc/dec engaged.
[    1.346731] AES CTR mode by8 optimization enabled
[    1.519295] input: ImExPS/2 Generic Explorer Mouse as /devices/platform/i8042/serio1/input/input4
[    1.727575] e1000 0000:00:03.0 eth0: (PCI:33MHz:32-bit) 02:a0:46:b5:71:eb
[    1.729109] e1000 0000:00:03.0 eth0: Intel(R) PRO/1000 Network Connection
[    1.731463] mptbase: ioc0: Initiating bringup
[    1.794290] ioc0: LSI53C1030 A0: Capabilities={Initiator}
[    1.957024] scsi host2: ioc0: LSI53C1030 A0, FwRev=00000000h, Ports=1, MaxQ=256, IRQ=20
[    2.071686] scsi 2:0:0:0: Direct-Access     VBOX     HARDDISK         1.0  PQ: 0 ANSI: 5
[    2.073743] scsi target2:0:0: Beginning Domain Validation
[    2.077716] scsi target2:0:0: Domain Validation skipping write tests
[    2.079279] scsi target2:0:0: Ending Domain Validation
[    2.080821] scsi target2:0:0: asynchronous
[    2.082743] scsi 2:0:1:0: Direct-Access     VBOX     HARDDISK         1.0  PQ: 0 ANSI: 5
[    2.084621] scsi target2:0:1: Beginning Domain Validation
[    2.089175] scsi target2:0:1: Domain Validation skipping write tests
[    2.090410] scsi target2:0:1: Ending Domain Validation
[    2.091598] scsi target2:0:1: asynchronous
[    2.138403] sd 2:0:0:0: Attached scsi generic sg0 type 0
[    2.139682] sd 2:0:0:0: [sda] 83886080 512-byte logical blocks: (42.9 GB/40.0 GiB)
[    2.150112] sd 2:0:1:0: Attached scsi generic sg1 type 0
[    2.151312] sd 2:0:1:0: [sdb] 20480 512-byte logical blocks: (10.5 MB/10.0 MiB)
[    2.153218] sd 2:0:1:0: [sdb] Write Protect is off
[    2.154506] sd 2:0:1:0: [sdb] Incomplete mode parameter data
[    2.155710] sd 2:0:1:0: [sdb] Assuming drive cache: write through
[    2.167074] sd 2:0:0:0: [sda] Write Protect is off
[    2.172762] sd 2:0:0:0: [sda] Incomplete mode parameter data
[    2.174230] sd 2:0:0:0: [sda] Assuming drive cache: write through
[    2.185995] sd 2:0:1:0: [sdb] Attached SCSI disk
[    2.192075]  sda: sda1
[    2.202167] sd 2:0:0:0: [sda] Attached SCSI disk
[    2.487411] e1000 0000:00:08.0 eth1: (PCI:33MHz:32-bit) 08:00:27:53:eb:06
[    2.488866] e1000 0000:00:08.0 eth1: Intel(R) PRO/1000 Network Connection
[    2.491201] e1000 0000:00:08.0 enp0s8: renamed from eth1
[    2.494128] e1000 0000:00:03.0 enp0s3: renamed from eth0
Begin: Loading essential drivers ... [    3.835185] md: linear personality registered for level -1
[    3.840288] md: multipath personality registered for level -4
[    3.845178] md: raid0 personality registered for level 0
[    3.850501] md: raid1 personality registered for level 1
[    3.921941] raid6: sse2x1   gen() 11583 MB/s
[    3.990055] raid6: sse2x1   xor()  8764 MB/s
[    4.057964] raid6: sse2x2   gen() 14765 MB/s
[    4.125980] raid6: sse2x2   xor() 10171 MB/s
[    4.193977] raid6: sse2x4   gen() 16889 MB/s
[    4.261954] raid6: sse2x4   xor() 10353 MB/s
[    4.329943] raid6: avx2x1   gen() 20568 MB/s
[    4.398102] raid6: avx2x2   gen() 26940 MB/s
[    4.465994] raid6: avx2x4   gen() 29861 MB/s
[    4.467027] raid6: using algorithm avx2x4 gen() 29861 MB/s
[    4.468271] raid6: using avx2x2 recovery algorithm
[    4.471570] xor: automatically using best checksumming function:
[    4.510030]    avx       : 27095.000 MB/sec
[    4.512479] async_tx: api initialized (async)
[    4.524292] md: raid6 personality registered for level 6
[    4.525479] md: raid5 personality registered for level 5
[    4.527356] md: raid4 personality registered for level 4
[    4.534843] md: raid10 personality registered for level 10
done.
Begin: Running /scripts/init-premount ... done.
Begin: Mounting root file system ... Begin: Running /scripts/local-top ... done.
Begin: Running /scripts/local-premount ... [    4.569283] Btrfs loaded
Scanning for Btrfs filesystems
done.
Warning: fsck not present, so skipping root file system
[    4.631211] EXT4-fs (sda1): mounted filesystem with ordered data mode. Opts: (null)
done.
Begin: Running /scripts/local-bottom ... done.
Begin: Running /scripts/init-bottom ... done.
[    4.785048] systemd[1]: systemd 229 running in system mode. (+PAM +AUDIT +SELINUX +IMA +APPARMOR +SMACK +SYSVINIT +UTMP +LIBCRYPTSETUP +GCRYPT +GNUTLS +ACL +XZ -LZ4 +SECCOMP +BLKID +ELFUTILS +KMOD -IDN)
[    4.788824] systemd[1]: Detected virtualization oracle.
[    4.790111] systemd[1]: Detected architecture x86-64.

Welcome to [1mUbuntu 16.04.7 LTS[0m!

[    4.794815] systemd[1]: Set hostname to <ubuntu>.
[    4.798852] systemd[1]: Initializing machine ID from random generator.
[    4.800316] systemd[1]: Installed transient /etc/machine-id file.
[    4.973712] systemd[1]: Set up automount Arbitrary Executable File Formats File System Automount Point.
[[0;32m  OK  [0m] Set up automount Arbitrary Executab...ats File System Automount Point.
[    4.982253] systemd[1]: Listening on Journal Audit Socket.
[[0;32m  OK  [0m] Listening on Journal Audit Socket.
[    4.984677] systemd[1]: Reached target User and Group Name Lookups.
[[0;32m  OK  [0m] Reached target User and Group Name Lookups.
[    4.987805] systemd[1]: Listening on fsck to fsckd communication Socket.
[[0;32m  OK  [0m] Listening on fsck to fsckd communication Socket.
[    4.991063] systemd[1]: Started Forward Password Requests to Wall Directory Watch.
[[0;32m  OK  [0m] Started Forward Password Requests to Wall Directory Watch.
[    4.994001] systemd[1]: Reached target Encrypted Volumes.
[[0;32m  OK  [0m] Reached target Encrypted Volumes.
[    4.996254] systemd[1]: Listening on Syslog Socket.
[[0;32m  OK  [0m] Listening on Syslog Socket.
[    4.998107] systemd[1]: Listening on udev Kernel Socket.
[[0;32m  OK  [0m] Listening on udev Kernel Socket.
[    4.999989] systemd[1]: Listening on udev Control Socket.
[[0;32m  OK  [0m] Listening on udev Control Socket.
[    5.001841] systemd[1]: Started Trigger resolvconf update for networkd DNS.
[[0;32m  OK  [0m] Started Trigger resolvconf update for networkd DNS.
[    5.004453] systemd[1]: Listening on LVM2 poll daemon socket.
[[0;32m  OK  [0m] Listening on LVM2 poll daemon socket.
[    5.006757] systemd[1]: Listening on Device-mapper event daemon FIFOs.
[[0;32m  OK  [0m] Listening on Device-mapper event daemon FIFOs.
[    5.009325] systemd[1]: Listening on Journal Socket.
[[0;32m  OK  [0m] Listening on Journal Socket.
[    5.011841] systemd[1]: Created slice System Slice.
[[0;32m  OK  [0m] Created slice System Slice.
[    5.014646] systemd[1]: Starting Create list of required static device nodes for the current kernel...
         Starting Create list of required st... nodes for the current kernel...
[    5.018515] systemd[1]: Created slice system-serial\x2dgetty.slice.
[[0;32m  OK  [0m] Created slice system-serial\x2dgetty.slice.
[    5.022319] systemd[1]: Starting Nameserver information manager...
         Starting Nameserver information manager...
[    5.028364] systemd[1]: Starting Load Kernel Modules...
         Starting Load Kernel Modules...
[    5.030572] systemd[1]: Mounting Debug File System...
         Mounting Debug File System...
[    5.037499] systemd[1]: Mounting Huge Pages File System...
         Mounting Huge Pages File System...
[    5.046834] systemd[1]: Mounting POSIX Message Queue File System...
         Mounting POSIX Message Queue File System...
[    5.049350] Loading iSCSI transport class v2.0-870.
[    5.054962] systemd[1]: Starting Set console keymap...
         Starting Set console keymap...
[    5.062863] systemd[1]: Starting File System Check on Root Device...
         Starting File System Check on Root Device...
[    5.067716] iscsi: registered transport (tcp)
[    5.069379] systemd[1]: Listening on Journal Socket (/dev/log).
[[0;32m  OK  [0m] Listening on Journal Socket (/dev/log).
[    5.073273] systemd[1]: Starting Journal Service...
         Starting Journal Service...
[    5.080373] systemd[1]: Starting Uncomplicated firewall...
         Starting Uncomplicated firewall...
[    5.084666] systemd[1]: Reached target Swap.
[[0;32m  OK  [0m] Reached target Swap.
[    5.088553] systemd[1]: Reached target System Time Synchronized.
[[0;32m  OK  [0m] Reached target System Time Synchronized.
[    5.092116] systemd[1]: Listening on LVM2 metadata daemon socket.
[[0;32m  OK  [0m] Listening on LVM2 metadata daemon socket.
[    5.097336] systemd[1]: Starting Monitoring of LVM2 mirrors, snapshots etc. using dmeventd or progress polling...
         Starting Monitoring of LVM2 mirrors... dmeventd or progress polling...
[    5.106177] systemd[1]: Listening on /dev/initctl Compatibility Named Pipe.
[[0;32m  OK  [0m] Listening on /dev/initctl Compatibility Named Pipe.
[    5.111970] systemd[1]: Created slice User and Session Slice.
[[0;32m  OK  [0m] Created slice User and Session Slice.
[    5.116179] systemd[1]: Reached target Slices.
[[0;32m  OK  [0m] Reached target Slices.
[    5.119778] systemd[1]: Mounted POSIX Message Queue File System.
[[0;32m  OK  [0m] Mounted POSIX Message Queue File System.
[    5.122106] systemd[1]: Mounted Huge Pages File System.
[[0;32m  OK  [0m] Mounted Huge Pages File System.
[    5.125765] systemd[1]: Mounted Debug File System.
[[0;32m  OK  [0m] Mounted Debug File System.
[    5.128773] systemd[1]: Started Create list of required static device nodes for the current kernel.
[[0;32m  OK  [0m] Started Create list of required sta...ce nodes for the current kernel.
[    5.139280] systemd[1]: Started File System Check on Root Device.
[[0;32m  OK  [0m] Started File System Check on Root Device.
[    5.144779] systemd[1]: Started Uncomplicated firewall.
[[0;32m  OK  [0m] Started Uncomplicated firewall.
[    5.151854] systemd[1]: Started Nameserver information manager.
[[0;32m  OK  [0m] Started Nameserver information manager.
[    5.161399] systemd[1]: Started LVM2 metadata daemon.
[[0;32m  OK  [0m] Started LVM2 metadata daemon.
[    5.166502] systemd[1]: Started File System Check Daemon to report status.
[[0;32m  OK  [0m] Started File System Check Daemon to report status.
[    5.174221] systemd[1]: Starting Remount Root and Kernel File Systems...
         Starting Remount Root and Kernel File Systems...
[    5.180769] systemd[1]: Starting Create Static Device Nodes in /dev...
         Starting Create Static Device Nodes in /dev...
[    5.188410] EXT4-fs (sda1): re-mounted. Opts: (null)
[    5.194133] systemd[1]: Started Remount Root and Kernel File Systems.
[[0;32m  OK  [0m] Started Remount Root and Kernel File Systems.
[    5.203815] systemd[1]: Starting udev Coldplug all Devices...
         Starting udev Coldplug all Devices...
[    5.210869] systemd[1]: Starting Load/Save Random Seed...
         Starting Load/Save Random Seed...
[    5.218022] systemd[1]: Started Load/Save Random Seed.
[[0;32m  OK  [0m] Started Load/Save Random Seed.
[    5.229205] systemd[1]: Started Create Static Device Nodes in /dev.
[[0;32m  OK  [0m] Started Create Static Device Nodes in /dev.
[    5.231932] systemd[1]: Starting udev Kernel Device Manager...
         Starting udev Kernel Device Manager...
[    5.237901] systemd[1]: Started Journal Service.
[[0;32m  OK  [0m] Started Journal Service.
         Starting Flush Journal to Persistent Storage...
[    5.257889] systemd-journald[390]: Received request to flush runtime journal from PID 1
[[0;32m  OK  [0m] Started Flush Journal to Persistent Storage.
[    5.278469] iscsi: registered transport (iser)
[[0;32m  OK  [0m] Started Load Kernel Modules.
         Mounting FUSE Control File System...
         Starting Apply Kernel Variables...
[[0;32m  OK  [0m] Mounted FUSE Control File System.
[[0;32m  OK  [0m] Started udev Kernel Device Manager.
[[0;32m  OK  [0m] Started Apply Kernel Variables.
[[0;32m  OK  [0m] Started udev Coldplug all Devices.
[[0;32m  OK  [0m] Started Set console keymap.
[[0;32m  OK  [0m] Started Dispatch Password Requests to Console Directory Watch.
[[0;32m  OK  [0m] Started Monitoring of LVM2 mirrors,...ng dmeventd or progress polling.
[[0;32m  OK  [0m] Reached target Local File Systems (Pre).
[[0;32m  OK  [0m] Reached target Local File Systems.
         Starting Set console font and keymap...
         Starting LSB: AppArmor initialization...
         Starting Tell Plymouth To Write Out Runtime Data...
         Starting Create Volatile Files and Directories...
         Starting Initial cloud-init job (pre-networking)...
         Starting Commit a transient machine-id on disk...
[[0;32m  OK  [0m] Started Commit a transient machine-id on disk.
[[0;32m  OK  [0m] Started Tell Plymouth To Write Out Runtime Data.
[[0;32m  OK  [0m] Started Create Volatile Files and Directories.
         Starting Update UTMP about System Boot/Shutdown...
[[0;32m  OK  [0m] Started Update UTMP about System Boot/Shutdown.
[[0;32m  OK  [0m] Found device /dev/ttyS0.
[[0;32m  OK  [0m] Listening on Load/Save RF Kill Switch Status /dev/rfkill Watch.
[[0;32m  OK  [0m] Started Set console font and keymap.
[[0;32m  OK  [0m] Created slice system-getty.slice.
[    7.906113] cloud-init[502]: Cloud-init v. 21.1-19-gbad84ad4-0ubuntu1~16.04.2 running 'init-local' at Thu, 19 Aug 2021 17:30:59 +0000. Up 7.03 seconds.
[[0;32m  OK  [0m] Started Initial cloud-init job (pre-networking).
[[0;32m  OK  [0m] Reached target Network (Pre).
[[0;32m  OK  [0m] Started LSB: AppArmor initialization.
         Starting Load AppArmor profiles managed internally by snapd...
         Starting Raise network interfaces...
[[0;32m  OK  [0m] Started Load AppArmor profiles managed internally by snapd.
[[0;32m  OK  [0m] Started Raise network interfaces.
[[0;32m  OK  [0m] Reached target Network.
         Starting Initial cloud-init job (metadata service crawler)...
[   10.534543] cloud-init[966]: Cloud-init v. 21.1-19-gbad84ad4-0ubuntu1~16.04.2 running 'init' at Thu, 19 Aug 2021 17:31:02 +0000. Up 9.95 seconds.
[   10.540418] cloud-init[966]: ci-info: ++++++++++++++++++++++++++++++++++++++Net device info+++++++++++++++++++++++++++++++++++++++
[   10.541807] cloud-init[966]: ci-info: +--------+-------+----------------------------+---------------+--------+-------------------+
[   10.544261] cloud-init[966]: ci-info: | Device |   Up  |          Address           |      Mask     | Scope  |     Hw-Address    |
[   10.545661] cloud-init[966]: ci-info: +--------+-------+----------------------------+---------------+--------+-------------------+
[   10.547014] cloud-init[966]: ci-info: | enp0s3 |  True |         10.0.2.15          | 255.255.255.0 | global | 02:a0:46:b5:71:eb |
[   10.548757] cloud-init[966]: ci-info: | enp0s3 |  True | fe80::a0:46ff:feb5:71eb/64 |       .       |  link  | 02:a0:46:b5:71:eb |
[   10.552334] cloud-init[966]: ci-info: | enp0s8 | False |             .              |       .       |   .    | 08:00:27:53:eb:06 |
[   10.553679] cloud-init[966]: ci-info: |   lo   |  True |         127.0.0.1          |   255.0.0.0   |  host  |         .         |
[   10.555342] cloud-init[966]: ci-info: |   lo   |  True |          ::1/128           |       .       |  host  |         .         |
[   10.556751] cloud-init[966]: ci-info: +--------+-------+----------------------------+---------------+--------+-------------------+
[   10.560345] cloud-init[966]: ci-info: +++++++++++++++++++++++++++Route IPv4 info++++++++++++++++++++++++++++
[   10.568349] cloud-init[966]: ci-info: +-------+-------------+----------+---------------+-----------+-------+
[   10.576352] cloud-init[966]: ci-info: | Route | Destination | Gateway  |    Genmask    | Interface | Flags |
[   10.584404] cloud-init[966]: ci-info: +-------+-------------+----------+---------------+-----------+-------+
[   10.585667] cloud-init[966]: ci-info: |   0   |   0.0.0.0   | 10.0.2.2 |    0.0.0.0    |   enp0s3  |   UG  |
[   10.586782] cloud-init[966]: ci-info: |   1   |   10.0.2.0  | 0.0.0.0  | 255.255.255.0 |   enp0s3  |   U   |
[   10.592460] cloud-init[966]: ci-info: +-------+-------------+----------+---------------+-----------+-------+
[   10.594358] cloud-init[966]: ci-info: +++++++++++++++++++Route IPv6 info+++++++++++++++++++
[   10.595747] cloud-init[966]: ci-info: +-------+-------------+---------+-----------+-------+
[   10.597665] cloud-init[966]: ci-info: | Route | Destination | Gateway | Interface | Flags |
[   10.604380] cloud-init[966]: ci-info: +-------+-------------+---------+-----------+-------+
[   10.612992] cloud-init[966]: ci-info: |   0   |  fe80::/64  |    ::   |   enp0s3  |   U   |
[   10.615276] cloud-init[966]: ci-info: |   3   |   ff00::/8  |    ::   |   enp0s3  |   U   |
[[0;32m  OK  [0m] Started Initial cloud-init job (metadata service crawler).
[[0;32m  OK  [0m] Reached target Network is Online.
         Starting iSCSI initiator daemon (iscsid)...
[[0;32m  OK  [0m] Reached target System Initialization.
[[0;32m  OK  [0m] Started Daily apt download activities.
[   10.620941] cloud-init[966]: ci-info: +-------+-------------+---------+-----------+-------+
[   10.622200] cloud-init[966]: Generating public/private rsa key pair.
[   10.623299] cloud-init[966]: Your identification has been saved in /etc/ssh/ssh_host_rsa_key.
[[0;32m  OK  [0m] Started Daily Cleanup of Temporary Directories.
[[0;32m  OK  [0m] Listening on D-Bus System Message Bus Socket.
[[0;32m  OK  [0m] Started Message of the Day.
         Starting Socket activation for snappy daemon.
[[0;32m  OK  [0m] Started Ubuntu Advantage update messaging.
[   10.635916]          Starting LXD - unix socket.
[[0;32m  OK  [0m] Started Daily apt upgrade and clean activities.
[[0;32m  OK  [0m] Listening on ACPID Listen Socket.
[[0;32m  OK  [0m] Listening on UUID daemon activation socket.
[[0;32m  OK  [0m] Reached target Timers.
cloud-init[966]: Your public key has been saved in /etc/ssh/ssh_host_rsa_key.pub.
[   10.657617] cloud-init[966]: The key fingerprint is:
[   10.658738] cloud-init[966]: SHA256:DHbkwOIqJrsX2Vtr/zQS3XbM5yRrc3mxQ7Kuk3N6yYQ root@ubuntu-xenial
[[0;32m  OK  [0m] Started ACPI Events Check.
[[0;32m  OK  [0m] Reached target Paths.
[[0;32m  OK  [0m] Reached target Cloud-config availability.
[   10.659894] cloud-init[966]: The key's randomart image is:
[   10.662652] cloud-init[966]: +---[RSA 2048]----+
[   10.668316] cloud-init[966]: |     .. .        |
[[0;32m  OK  [0m] Listening on Socket activation for snappy daemon.
[[0;32m  OK  [0m] Listening on LXD - unix socket.
[[0;32m  OK  [0m] Started iSCSI initiator daemon (iscsid).
         Starting Login to default iSCSI targets...
[   10.681080] cloud-init[966]: |    . .+         |
[   10.686869] cloud-init[966]: |   . .o o        |
[[0;32m  OK  [0m] Reached target Sockets.
[[0;32m  OK  [0m] Reached target Basic System.
[   10.689262] cloud-init[966]: |    .. + . . o   |
[   10.692434] cloud-init[966]: |   +    S . +.=oo|
         Starting Pollinate to seed the pseudo random number generator...
[[0;32m  OK  [0m] Started ACPI event daemon.
[[0;32m  OK  [0m] Started Deferred execution scheduler.
[   10.695000] cloud-init[966]: |o.+ . .  . E o+*+|
         Starting LSB: Record successful boot for GRUB...
         Starting Login Service...
[[0;32m  OK  [0m] Started Regular background program processing daemon.
[   10.719008] cloud-init[966]: |oo . o .. o +.=++|
         Starting /etc/rc.local Compatibility...
         Starting Accounts Service...
         Starting LSB: MD monitoring daemon...
         Starting Virtualbox guest utils...
         Starting LXD - container startup/shutdown...
[   10.758652] cloud-init[966]: |. . . o  o =.* oo|
[[0;32m  OK  [0m] Started D-Bus System Message Bus.
[   10.765257] cloud-init[966]: |.o   . ....oB.   |
[   10.769362] cloud-init[966]: +----[SHA256]-----+
[   10.774914] cloud-init[966]: Generating public/private dsa key pair.
[   10.775725] cloud-init[966]: Your identification has been saved in /etc/ssh/ssh_host_dsa_key.
[   10.777338] cloud-init[966]: Your public key has been saved in /etc/ssh/ssh_host_dsa_key.pub.
[   10.780615] cloud-init[966]: The key fingerprint is:
[   10.785628] cloud-init[966]: SHA256:hT+Pt8TIcW2eO4LELnRFsdfTGmD/WeZu8oNiwrg2x1o root@ubuntu-xenial
[   10.791245] cloud-init[966]: The key's randomart image is:
[   10.794067] cloud-init[966]: +---[DSA 1024]----+
[   10.797638] cloud-init[966]: |            +.   |
[   10.801293] cloud-init[966]: |         . ..+ ..|
[   10.809116] cloud-init[966]: |        . ... +.=|
[   10.816402] cloud-init[966]: |         o  .o *+|
[[0;32m  OK  [0m] Started FUSE filesystem for LXC.
         Starting System Logging Service...
         Starting Snap Daemon...
[[0;32m  OK  [0m] Started /etc/rc.local Compatibility.
[   10.824784] cloud-init[966]: |        S.+.. +.o|
[[0;32m  OK  [0m] Started Login Service.
[[0;32m  OK  [0m] Started Unattended Upgrades Shutdown.
[   10.871573] cloud-init[966]: |        ..+O o o |
[   10.873767] cloud-init[966]: |       .+E+.= = o|
[   10.875962] cloud-init[966]: |       +o=o=.o.* |
[   10.877945] cloud-init[966]: |      .o=.o o...o|
         Starting Authenticate and Authorize Users to Run Privileged Tasks...
[   10.898662] cloud-init[966]: +----[SHA256]-----+
[[0;32m  OK  [0m] Started System Logging Service.
[[0;32m  OK  [0m] Started LSB: Record successful boot for GRUB.
[   10.922218] cloud-init[966]: Generating public/private ecdsa key pair.
[   10.926691] cloud-init[966]: Your identification has been saved in /etc/ssh/ssh_host_ecdsa_key.
[   10.938339] cloud-init[966]: Your public key has been saved in /etc/ssh/ssh_host_ecdsa_key.pub.
[   10.939990] cloud-init[966]: The key fingerprint is:
[[0;32m  OK  [0m] Started Login to default iSCSI targets.
[[0;32m  OK  [0m] Reached target Remote File Systems (Pre).
[[0;32m  OK  [0m] Reached target Remote File Systems.
         Starting LSB: daemon to balance interrupts for SMP systems...
         Starting Permit User Sessions...
         Starting LSB: automatic crash report generation...
         Starting LSB: Set the CPU Frequency Scaling governor to "ondemand"...
[[0;32m  OK  [0m] Started LSB: MD monitoring daemon.
[[0;32m  OK  [0m] Started Permit User Sessions.
         Starting Terminate Plymouth Boot Screen...
         Starting Hold until boot process finishes up...
[[0;32m  OK  [0m] Started Hold until boot process finishes up.
         Starting Set console scheme...
[[0;32m  OK  [0m] Started Getty on tty1.
[[0;32m  OK  [0m] Started Serial Getty on ttyS0.
[   10.947448] cloud-init[966]: [[0;32m  OK  [0m] Reached target Login Prompts.
[[0;32m  OK  [0m] Started Terminate Plymouth Boot Screen.
[[0;32m  OK  [0m] Started Set console scheme.
SHA256:PN260ERXqSR4fFzIfpK9wDOlscSA9qr6anhj7TmLqAQ root@ubuntu-xenial
[[0;32m  OK  [0m] Started Authenticate and Authorize Users to Run Privileged Tasks.
[   11.035195] cloud-init[966]: The key's randomart image is:
[   11.053432] cloud-init[966]: +---[ECDSA 256]---+
[   11.059640] cloud-init[966]: |         +.= oo. |
[[0;32m  OK  [0m] Started LSB: Set the CPU Frequency Scaling governor to "ondemand".
[   11.070380] cloud-init[966]: |        + + X.o  |
[   11.075278] cloud-init[966]: |       . o.B.O   |
[[0;32m  OK  [0m] Started Accounts Service.
[   11.080392] cloud-init[966]: |       . o.o% o  |
[   11.088122] cloud-init[966]: |E       S.o .* . |
[[0;32m  OK  [0m] Started LXD - container startup/shutdown.
[   11.106912] cloud-init[966]: |.       .+ .  .  |
[   11.123005] cloud-init[966]: | . . . .. o      |
[[0;32m  OK  [0m] Started LSB: daemon to balance interrupts for SMP systems.
[   11.140728] cloud-init[966]: |. ..=.+. . .     |
[   11.144743] cloud-init[966]: |...++*=o  .      |
[   11.147512] cloud-init[966]: +----[SHA256]-----+[[0;32m  OK  [0m] Started LSB: automatic crash report generation.

[   11.161109] cloud-init[966]: Generating public/private ed25519 key pair.
[   11.162278] cloud-init[966]: Your identification has been saved in /etc/ssh/ssh_host_ed25519_key.
[   11.175119] cloud-init[966]: Your public key has been saved in /etc/ssh/ssh_host_ed25519_key.pub.
[   11.180681] cloud-init[966]: The key fingerprint is:
[   11.187341] cloud-init[966]: SHA256:Uq2wbUYxDrFFjXw5LAAANOz7fwEjVfbYBdlZaVSvAmI root@ubuntu-xenial
[   11.189116] cloud-init[966]: The key's randomart image is:
[   11.192236] cloud-init[966]: +--[ED25519 256]--+
[   11.195330] cloud-init[966]: |++....=B==+o+oo. |
[   11.202181] cloud-init[966]: | ..  ..=B=Bo o  .|
[   11.205349] cloud-init[966]: |.   . o.E=o..   .|
[   11.208515] cloud-init[966]: | . . o B o .   . |
[   11.216527] cloud-init[966]: |  . . = S   . .  |
[   11.217643] cloud-init[966]: | .     =     .   |
[   11.223577] cloud-init[966]: |  .     .        |
[   11.225797] cloud-init[966]: |   .   .         |
[   11.230552] cloud-init[966]: |    ...          |
[   11.234140] cloud-init[966]: +----[SHA256]-----+
[[0;32m  OK  [0m] Started Virtualbox guest utils.
[[0;32m  OK  [0m] Started Snap Daemon.
         Starting Wait until snapd is fully seeded...
[[0;32m  OK  [0m] Started Pollinate to seed the pseudo random number generator.
         Starting OpenBSD Secure Shell server...
[[0;32m  OK  [0m] Started OpenBSD Secure Shell server.
[[0;32m  OK  [0m] Created slice User Slice of vagrant.
         Starting User Manager for UID 1000...
[[0;32m  OK  [0m] Started Session 1 of user vagrant.
[[0;32m  OK  [0m] Started User Manager for UID 1000.
[[0;32m  OK  [0m] Started Wait until snapd is fully seeded.
         Starting Apply the settings specified in cloud-config...
[[0;32m  OK  [0m] Reached target Multi-User System.
[[0;32m  OK  [0m] Reached target Graphical Interface.
         Starting Update UTMP about System Runlevel Changes...
[[0;32m  OK  [0m] Started Update UTMP about System Runlevel Changes.
[   14.976792] cloud-init[1448]: Generating locales (this might take a while)...
[   16.179911] cloud-init[1448]:   en_US.UTF-8... done
[   16.181328] cloud-init[1448]: Generation complete.
[   16.570107] cloud-init[1448]: Cloud-init v. 21.1-19-gbad84ad4-0ubuntu1~16.04.2 running 'modules:config' at Thu, 19 Aug 2021 17:31:07 +0000. Up 14.73 seconds.

Ubuntu 16.04.7 LTS ubuntu-xenial ttyS0

ubuntu-xenial login: ci-info: no authorized SSH keys fingerprints found for user ubuntu.
<14>Aug 19 17:31:09 ec2: 
<14>Aug 19 17:31:09 ec2: #############################################################
<14>Aug 19 17:31:09 ec2: -----BEGIN SSH HOST KEY FINGERPRINTS-----
<14>Aug 19 17:31:09 ec2: 1024 SHA256:hT+Pt8TIcW2eO4LELnRFsdfTGmD/WeZu8oNiwrg2x1o root@ubuntu-xenial (DSA)
<14>Aug 19 17:31:09 ec2: 256 SHA256:PN260ERXqSR4fFzIfpK9wDOlscSA9qr6anhj7TmLqAQ root@ubuntu-xenial (ECDSA)
<14>Aug 19 17:31:09 ec2: 256 SHA256:Uq2wbUYxDrFFjXw5LAAANOz7fwEjVfbYBdlZaVSvAmI root@ubuntu-xenial (ED25519)
<14>Aug 19 17:31:09 ec2: 2048 SHA256:DHbkwOIqJrsX2Vtr/zQS3XbM5yRrc3mxQ7Kuk3N6yYQ root@ubuntu-xenial (RSA)
<14>Aug 19 17:31:09 ec2: -----END SSH HOST KEY FINGERPRINTS-----
<14>Aug 19 17:31:09 ec2: #############################################################
-----BEGIN SSH HOST KEY KEYS-----
ecdsa-sha2-nistp256 AAAAE2VjZHNhLXNoYTItbmlzdHAyNTYAAAAIbmlzdHAyNTYAAABBBCpnkXbplDNOlkuLcJ2ytzJ8KbN1qUJOojHYJLzXEqualPBuMilT0iuZWcYpAoAjPomqNYyyhUlogoDZt9+uybU= root@ubuntu-xenial
ssh-ed25519 AAAAC3NzaC1lZDI1NTE5AAAAIPDUvvblnV/J5+qQ37ByBTFS/FhtG2Qu59ZrpexOyM73 root@ubuntu-xenial
ssh-rsa AAAAB3NzaC1yc2EAAAADAQABAAABAQDQiIdsPkr/OXizBmii/KmT8NFRED7cPfbi4S5tKQNZPDAfdTAONSDAZfegoGxysKzA2wDQAx88oyYKvRiYJ7fg8YGBvz23wm1e8JtCNFWsxiTKUuEIYEMQILwUr5pyhJRRhjXVO0/cM+2abvlOpolAOluw396EiXOO71RO8jqpik5ggWwBgrVjeScKtL7tDjyb8LeaJmiIgigEVaazvru+z6GZzpERNjlntpZH3Qdhq3q0YdCtaQ8juo2a975L24i8rZyfBDil7K06CGRKEqu5nqc/bv5ULP32lRixedYVCaxHkrka4MiCXvbOsNU8ve7y506wJUAq79B+u5MxRN5j root@ubuntu-xenial
-----END SSH HOST KEY KEYS-----
[   17.292142] cloud-init[1593]: Cloud-init v. 21.1-19-gbad84ad4-0ubuntu1~16.04.2 running 'modules:final' at Thu, 19 Aug 2021 17:31:09 +0000. Up 17.01 seconds.
[   17.293629] cloud-init[1593]: ci-info: no authorized SSH keys fingerprints found for user ubuntu.
[   17.294690] cloud-init[1593]: Cloud-init v. 21.1-19-gbad84ad4-0ubuntu1~16.04.2 finished at Thu, 19 Aug 2021 17:31:09 +0000. Datasource DataSourceNoCloud [seed=/dev/sdb][dsmode=net].  Up 17.27 seconds
