[    0.000000] Initializing cgroup subsys cpuset
[    0.000000] Initializing cgroup subsys cpu
[    0.000000] Initializing cgroup subsys cpuacct
[    0.000000] Linux version 4.4.0-210-generic (buildd@lgw01-amd64-009) (gcc version 5.4.0 20160609 (Ubuntu 5.4.0-6ubuntu1~16.04.12) ) #242-Ubuntu SMP Fri Apr 16 09:57:56 UTC 2021 (Ubuntu 4.4.0-210.242-generic 4.4.262)
[    0.000000] Command line: BOOT_IMAGE=/boot/vmlinuz-4.4.0-210-generic root=LABEL=cloudimg-rootfs ro console=tty1 console=ttyS0
[    0.000000] KERNEL supported cpus:
[    0.000000]   Intel GenuineIntel
[    0.000000]   AMD AuthenticAMD
[    0.000000]   Centaur CentaurHauls
[    0.000000] x86/fpu: xstate_offset[2]:  576, xstate_sizes[2]:  256
[    0.000000] x86/fpu: Supporting XSAVE feature 0x01: 'x87 floating point registers'
[    0.000000] x86/fpu: Supporting XSAVE feature 0x02: 'SSE registers'
[    0.000000] x86/fpu: Supporting XSAVE feature 0x04: 'AVX registers'
[    0.000000] x86/fpu: Enabled xstate features 0x7, context size is 832 bytes, using 'standard' format.
[    0.000000] e820: BIOS-provided physical RAM map:
[    0.000000] BIOS-e820: [mem 0x0000000000000000-0x000000000009fbff] usable
[    0.000000] BIOS-e820: [mem 0x000000000009fc00-0x000000000009ffff] reserved
[    0.000000] BIOS-e820: [mem 0x00000000000f0000-0x00000000000fffff] reserved
[    0.000000] BIOS-e820: [mem 0x0000000000100000-0x000000001ffeffff] usable
[    0.000000] BIOS-e820: [mem 0x000000001fff0000-0x000000001fffffff] ACPI data
[    0.000000] BIOS-e820: [mem 0x00000000fec00000-0x00000000fec00fff] reserved
[    0.000000] BIOS-e820: [mem 0x00000000fee00000-0x00000000fee00fff] reserved
[    0.000000] BIOS-e820: [mem 0x00000000fffc0000-0x00000000ffffffff] reserved
[    0.000000] NX (Execute Disable) protection: active
[    0.000000] SMBIOS 2.5 present.
[    0.000000] Hypervisor detected: KVM
[    0.000000] e820: last_pfn = 0x1fff0 max_arch_pfn = 0x400000000
[    0.000000] MTRR: Disabled
[    0.000000] x86/PAT: MTRRs disabled, skipping PAT initialization too.
[    0.000000] CPU MTRRs all blank - virtualized system.
[    0.000000] x86/PAT: Configuration [0-7]: WB  WT  UC- UC  WB  WT  UC- UC  
[    0.000000] found SMP MP-table at [mem 0x0009fff0-0x0009ffff] mapped at [ffff88000009fff0]
[    0.000000] Scanning 1 areas for low memory corruption
[    0.000000] RAMDISK: [mem 0x1e95d000-0x1f7e6fff]
[    0.000000] ACPI: Early table checksum verification disabled
[    0.000000] ACPI: RSDP 0x00000000000E0000 000024 (v02 VBOX  )
[    0.000000] ACPI: XSDT 0x000000001FFF0030 00003C (v01 VBOX   VBOXXSDT 00000001 ASL  00000061)
[    0.000000] ACPI: FACP 0x000000001FFF00F0 0000F4 (v04 VBOX   VBOXFACP 00000001 ASL  00000061)
[    0.000000] ACPI: DSDT 0x000000001FFF0470 002325 (v02 VBOX   VBOXBIOS 00000002 INTL 20100528)
[    0.000000] ACPI: FACS 0x000000001FFF0200 000040
[    0.000000] ACPI: FACS 0x000000001FFF0200 000040
[    0.000000] ACPI: APIC 0x000000001FFF0240 000054 (v02 VBOX   VBOXAPIC 00000001 ASL  00000061)
[    0.000000] ACPI: SSDT 0x000000001FFF02A0 0001CC (v01 VBOX   VBOXCPUT 00000002 INTL 20100528)
[    0.000000] No NUMA configuration found
[    0.000000] Faking a node at [mem 0x0000000000000000-0x000000001ffeffff]
[    0.000000] NODE_DATA(0) allocated [mem 0x1ffeb000-0x1ffeffff]
[    0.000000] kvm-clock: Using msrs 4b564d01 and 4b564d00
[    0.000000] kvm-clock: cpu 0, msr 0:1ffe3001, primary cpu clock
[    0.000000] kvm-clock: using sched offset of 3560198761 cycles
[    0.000000] clocksource: kvm-clock: mask: 0xffffffffffffffff max_cycles: 0x1cd42e4dffb, max_idle_ns: 881590591483 ns
[    0.000000] Zone ranges:
[    0.000000]   DMA      [mem 0x0000000000001000-0x0000000000ffffff]
[    0.000000]   DMA32    [mem 0x0000000001000000-0x000000001ffeffff]
[    0.000000]   Normal   empty
[    0.000000]   Device   empty
[    0.000000] Movable zone start for each node
[    0.000000] Early memory node ranges
[    0.000000]   node   0: [mem 0x0000000000001000-0x000000000009efff]
[    0.000000]   node   0: [mem 0x0000000000100000-0x000000001ffeffff]
[    0.000000] Initmem setup node 0 [mem 0x0000000000001000-0x000000001ffeffff]
[    0.000000] ACPI: PM-Timer IO Port: 0x4008
[    0.000000] IOAPIC[0]: apic_id 1, version 32, address 0xfec00000, GSI 0-23
[    0.000000] ACPI: INT_SRC_OVR (bus 0 bus_irq 0 global_irq 2 dfl dfl)
[    0.000000] ACPI: INT_SRC_OVR (bus 0 bus_irq 9 global_irq 9 low level)
[    0.000000] Using ACPI (MADT) for SMP configuration information
[    0.000000] smpboot: Allowing 1 CPUs, 0 hotplug CPUs
[    0.000000] PM: Registered nosave memory: [mem 0x00000000-0x00000fff]
[    0.000000] PM: Registered nosave memory: [mem 0x0009f000-0x0009ffff]
[    0.000000] PM: Registered nosave memory: [mem 0x000a0000-0x000effff]
[    0.000000] PM: Registered nosave memory: [mem 0x000f0000-0x000fffff]
[    0.000000] e820: [mem 0x20000000-0xfebfffff] available for PCI devices
[    0.000000] Booting paravirtualized kernel on KVM
[    0.000000] clocksource: refined-jiffies: mask: 0xffffffff max_cycles: 0xffffffff, max_idle_ns: 7645519600211568 ns
[    0.000000] setup_percpu: NR_CPUS:512 nr_cpumask_bits:512 nr_cpu_ids:1 nr_node_ids:1
[    0.000000] PERCPU: Embedded 33 pages/cpu @ffff88001fc00000 s95192 r8192 d31784 u2097152
[    0.000000] Built 1 zonelists in Node order, mobility grouping on.  Total pages: 128888
[    0.000000] Policy zone: DMA32
[    0.000000] Kernel command line: BOOT_IMAGE=/boot/vmlinuz-4.4.0-210-generic root=LABEL=cloudimg-rootfs ro console=tty1 console=ttyS0
[    0.000000] PID hash table entries: 2048 (order: 2, 16384 bytes)
[    0.000000] Memory: 481844K/523832K available (8644K kernel code, 1332K rwdata, 4044K rodata, 1492K init, 1164K bss, 41988K reserved, 0K cma-reserved)
[    0.000000] SLUB: HWalign=64, Order=0-3, MinObjects=0, CPUs=1, Nodes=1
[    0.000000] Kernel/User page tables isolation: enabled
[    0.000000] Hierarchical RCU implementation.
[    0.000000] 	Build-time adjustment of leaf fanout to 64.
[    0.000000] 	RCU restricting CPUs from NR_CPUS=512 to nr_cpu_ids=1.
[    0.000000] RCU: Adjusting geometry for rcu_fanout_leaf=64, nr_cpu_ids=1
[    0.000000] NR_IRQS:33024 nr_irqs:256 16
[    0.000000] Console: colour VGA+ 80x25
[    0.000000] console [tty1] enabled
[    0.000000] console [ttyS0] enabled
[    0.000000] tsc: Detected 3408.004 MHz processor
[    0.175809] Calibrating delay loop (skipped) preset value.. 6816.00 BogoMIPS (lpj=13632016)
[    0.178586] pid_max: default: 32768 minimum: 301
[    0.180322] ACPI: Core revision 20150930
[    0.183606] ACPI: 2 ACPI AML tables successfully acquired and loaded
[    0.185266] Security Framework initialized
[    0.186241] Yama: becoming mindful.
[    0.187184] AppArmor: AppArmor initialized
[    0.188229] Dentry cache hash table entries: 65536 (order: 7, 524288 bytes)
[    0.189624] Inode-cache hash table entries: 32768 (order: 6, 262144 bytes)
[    0.190987] Mount-cache hash table entries: 1024 (order: 1, 8192 bytes)
[    0.192673] Mountpoint-cache hash table entries: 1024 (order: 1, 8192 bytes)
[    0.194153] Initializing cgroup subsys io
[    0.195084] Initializing cgroup subsys memory
[    0.196067] Initializing cgroup subsys devices
[    0.197120] Initializing cgroup subsys freezer
[    0.198302] Initializing cgroup subsys net_cls
[    0.199717] Initializing cgroup subsys perf_event
[    0.200824] Initializing cgroup subsys net_prio
[    0.201902] Initializing cgroup subsys hugetlb
[    0.203021] Initializing cgroup subsys pids
[    0.205089] mce: CPU supports 0 MCE banks
[    0.206118] process: using mwait in idle threads
[    0.207268] Last level iTLB entries: 4KB 64, 2MB 8, 4MB 8
[    0.208422] Last level dTLB entries: 4KB 64, 2MB 0, 4MB 0, 1GB 4
[    0.209707] Spectre V1 : Mitigation: usercopy/swapgs barriers and __user pointer sanitization
[    0.211821] Spectre V2 : Mitigation: Full generic retpoline
[    0.213015] Spectre V2 : Spectre v2 / SpectreRSB mitigation: Filling RSB on context switch
[    0.214805] Speculative Store Bypass: Vulnerable
[    0.216239] SRBDS: Unknown: Dependent on hypervisor status
[    0.217512] MDS: Mitigation: Clear CPU buffers
[    0.244492] Freeing SMP alternatives memory: 36K
[    0.252986] ftrace: allocating 32380 entries in 127 pages
[    0.322777] smpboot: APIC(0) Converting physical 0 to logical package 0
[    0.324464] smpboot: Max logical packages: 1
[    0.326087] x2apic enabled
[    0.327486] Switched APIC routing to physical x2apic.
[    0.330572] ..TIMER: vector=0x30 apic1=0 pin1=2 apic2=-1 pin2=-1
[    0.440689] smpboot: CPU0: Intel(R) Core(TM) i7-6700 CPU @ 3.40GHz (family: 0x6, model: 0x5e, stepping: 0x3)
[    0.443100] Performance Events: unsupported p6 CPU model 94 no PMU driver, software events only.
[    0.454841] KVM setup paravirtual spinlock
[    0.456743] x86: Booted up 1 node, 1 CPUs
[    0.457857] smpboot: Total of 1 processors activated (6816.00 BogoMIPS)
[    0.459700] devtmpfs: initialized
[    0.462139] evm: security.selinux
[    0.462895] evm: security.SMACK64
[    0.463693] evm: security.SMACK64EXEC
[    0.464552] evm: security.SMACK64TRANSMUTE
[    0.465662] evm: security.SMACK64MMAP
[    0.466729] evm: security.ima
[    0.467459] evm: security.capability
[    0.468374] clocksource: jiffies: mask: 0xffffffff max_cycles: 0xffffffff, max_idle_ns: 7645041785100000 ns
[    0.470415] futex hash table entries: 256 (order: 2, 16384 bytes)
[    0.471673] pinctrl core: initialized pinctrl subsystem
[    0.472890] RTC time: 19:22:57, date: 08/21/21
[    0.473975] NET: Registered protocol family 16
[    0.475129] cpuidle: using governor ladder
[    0.476077] cpuidle: using governor menu
[    0.476961] PCCT header not found.
[    0.477922] ACPI: bus type PCI registered
[    0.478891] acpiphp: ACPI Hot Plug PCI Controller Driver version: 0.5
[    0.480230] PCI: Using configuration type 1 for base access
[    0.489177] ACPI: Added _OSI(Module Device)
[    0.490222] ACPI: Added _OSI(Processor Device)
[    0.491254] ACPI: Added _OSI(3.0 _SCP Extensions)
[    0.492456] ACPI: Added _OSI(Processor Aggregator Device)
[    0.494321] ACPI: Executed 1 blocks of module-level executable AML code
[    0.497794] ACPI: Interpreter enabled
[    0.498739] ACPI: (supports S0 S5)
[    0.499833] ACPI: Using IOAPIC for interrupt routing
[    0.501496] PCI: Using host bridge windows from ACPI; if necessary, use "pci=nocrs" and report a bug
[    0.506952] ACPI: PCI Root Bridge [PCI0] (domain 0000 [bus 00-ff])
[    0.508664] acpi PNP0A03:00: _OSC: OS supports [ASPM ClockPM Segments MSI]
[    0.510946] acpi PNP0A03:00: _OSC: not requesting OS control; OS requires [ExtendedConfig ASPM ClockPM MSI]
[    0.515929] acpi PNP0A03:00: fail to add MMCONFIG information, can't access extended PCI configuration space under this bridge.
[    0.520183] PCI host bridge to bus 0000:00
[    0.521822] pci_bus 0000:00: root bus resource [io  0x0000-0x0cf7 window]
[    0.523839] pci_bus 0000:00: root bus resource [io  0x0d00-0xffff window]
[    0.525574] pci_bus 0000:00: root bus resource [mem 0x000a0000-0x000bffff window]
[    0.528358] pci_bus 0000:00: root bus resource [mem 0x20000000-0xfdffffff window]
[    0.530661] pci_bus 0000:00: root bus resource [bus 00-ff]
[    0.535088] pci 0000:00:01.1: legacy IDE quirk: reg 0x10: [io  0x01f0-0x01f7]
[    0.536696] pci 0000:00:01.1: legacy IDE quirk: reg 0x14: [io  0x03f6]
[    0.538124] pci 0000:00:01.1: legacy IDE quirk: reg 0x18: [io  0x0170-0x0177]
[    0.539649] pci 0000:00:01.1: legacy IDE quirk: reg 0x1c: [io  0x0376]
[    0.559913] pci 0000:00:07.0: quirk: [io  0x4000-0x403f] claimed by PIIX4 ACPI
[    0.561694] pci 0000:00:07.0: quirk: [io  0x4100-0x410f] claimed by PIIX4 SMB
[    0.566969] ACPI: PCI Interrupt Link [LNKA] (IRQs 5 9 10 *11)
[    0.569090] ACPI: PCI Interrupt Link [LNKB] (IRQs 5 9 *10 11)
[    0.571297] ACPI: PCI Interrupt Link [LNKC] (IRQs 5 *9 10 11)
[    0.573276] ACPI: PCI Interrupt Link [LNKD] (IRQs 5 9 10 *11)
[    0.575069] ACPI: Enabled 2 GPEs in block 00 to 07
[    0.576368] vgaarb: setting as boot device: PCI:0000:00:02.0
[    0.577564] vgaarb: device added: PCI:0000:00:02.0,decodes=io+mem,owns=io+mem,locks=none
[    0.579740] vgaarb: loaded
[    0.580627] vgaarb: bridge control possible 0000:00:02.0
[    0.582487] SCSI subsystem initialized
[    0.583708] ACPI: bus type USB registered
[    0.584769] usbcore: registered new interface driver usbfs
[    0.586147] usbcore: registered new interface driver hub
[    0.587374] usbcore: registered new device driver usb
[    0.588709] PCI: Using ACPI for IRQ routing
[    0.590254] NetLabel: Initializing
[    0.591168] NetLabel:  domain hash size = 128
[    0.592221] NetLabel:  protocols = UNLABELED CIPSOv4
[    0.593465] NetLabel:  unlabeled traffic allowed by default
[    0.594703] amd_nb: Cannot enumerate AMD northbridges
[    0.595881] clocksource: Switched to clocksource kvm-clock
[    0.610552] AppArmor: AppArmor Filesystem Enabled
[    0.612064] pnp: PnP ACPI init
[    0.614258] pnp: PnP ACPI: found 3 devices
[    0.621105] clocksource: acpi_pm: mask: 0xffffff max_cycles: 0xffffff, max_idle_ns: 2085701024 ns
[    0.623142] NET: Registered protocol family 2
[    0.624285] TCP established hash table entries: 4096 (order: 3, 32768 bytes)
[    0.625896] TCP bind hash table entries: 4096 (order: 4, 65536 bytes)
[    0.627310] TCP: Hash tables configured (established 4096 bind 4096)
[    0.628679] UDP hash table entries: 256 (order: 1, 8192 bytes)
[    0.629988] UDP-Lite hash table entries: 256 (order: 1, 8192 bytes)
[    0.631388] NET: Registered protocol family 1
[    0.632707] pci 0000:00:00.0: Limiting direct PCI/PCI transfers
[    0.634183] pci 0000:00:01.0: Activating ISA DMA hang workarounds
[    0.635590] Unpacking initramfs...
[    0.965552] Freeing initrd memory: 14888K
[    0.966911] clocksource: tsc: mask: 0xffffffffffffffff max_cycles: 0x311fd7ed0ff, max_idle_ns: 440795285512 ns
[    0.969267] platform rtc_cmos: registered platform RTC device (no PNP device found)
[    0.970889] Scanning for low memory corruption every 60 seconds
[    0.972297] audit: initializing netlink subsys (disabled)
[    0.973546] audit: type=2000 audit(1629573782.107:1): initialized
[    0.975048] Initialise system trusted keyring
[    0.976241] HugeTLB registered 2 MB page size, pre-allocated 0 pages
[    0.978751] zbud: loaded
[    0.979782] VFS: Disk quotas dquot_6.6.0
[    0.980776] VFS: Dquot-cache hash table entries: 512 (order 0, 4096 bytes)
[    0.982722] squashfs: version 4.0 (2009/01/31) Phillip Lougher
[    0.984192] fuse init (API version 7.23)
[    0.985292] Key type big_key registered
[    0.986266] Allocating IMA MOK and blacklist keyrings.
[    0.987574] Key type asymmetric registered
[    0.988544] Asymmetric key parser 'x509' registered
[    0.989735] Block layer SCSI generic (bsg) driver version 0.4 loaded (major 249)
[    0.991463] io scheduler noop registered
[    0.992622] io scheduler deadline registered (default)
[    0.993764] io scheduler cfq registered
[    0.994837] pci_hotplug: PCI Hot Plug PCI Core version: 0.5
[    0.996054] pciehp: PCI Express Hot Plug Controller Driver version: 0.4
[    0.997493] ACPI: AC Adapter [AC] (on-line)
[    0.998648] input: Power Button as /devices/LNXSYSTM:00/LNXPWRBN:00/input/input0
[    1.000792] ACPI: Power Button [PWRF]
[    1.001797] input: Sleep Button as /devices/LNXSYSTM:00/LNXSLPBN:00/input/input1
[    1.003486] ACPI: Sleep Button [SLPF]
[    1.004566] GHES: HEST is not enabled!
[    1.005459] Serial: 8250/16550 driver, 32 ports, IRQ sharing enabled
[    1.027337] 00:02: ttyS0 at I/O 0x3f8 (irq = 4, base_baud = 115200) is a 16550A
[    1.030096] Linux agpgart interface v0.103
[    1.037020] loop: module loaded
[    1.038335] scsi host0: ata_piix
[    1.039273] scsi host1: ata_piix
[    1.040146] ata1: PATA max UDMA/33 cmd 0x1f0 ctl 0x3f6 bmdma 0xd000 irq 14
[    1.041422] ata2: PATA max UDMA/33 cmd 0x170 ctl 0x376 bmdma 0xd008 irq 15
[    1.042963] libphy: Fixed MDIO Bus: probed
[    1.043847] tun: Universal TUN/TAP device driver, 1.6
[    1.044918] tun: (C) 1999-2004 Max Krasnyansky <maxk@qualcomm.com>
[    1.046336] PPP generic driver version 2.4.2
[    1.047282] ehci_hcd: USB 2.0 'Enhanced' Host Controller (EHCI) Driver
[    1.048652] ehci-pci: EHCI PCI platform driver
[    1.049724] ehci-platform: EHCI generic platform driver
[    1.051324] ohci_hcd: USB 1.1 'Open' Host Controller (OHCI) Driver
[    1.052933] ohci-pci: OHCI PCI platform driver
[    1.053975] ohci-platform: OHCI generic platform driver
[    1.055089] uhci_hcd: USB Universal Host Controller Interface driver
[    1.056440] i8042: PNP: PS/2 Controller [PNP0303:PS2K,PNP0f03:PS2M] at 0x60,0x64 irq 1,12
[    1.058879] serio: i8042 KBD port at 0x60,0x64 irq 1
[    1.060025] serio: i8042 AUX port at 0x60,0x64 irq 12
[    1.061204] mousedev: PS/2 mouse device common for all mice
[    1.062566] input: AT Translated Set 2 keyboard as /devices/platform/i8042/serio0/input/input2
[    1.064652] rtc_cmos rtc_cmos: rtc core: registered rtc_cmos as rtc0
[    1.066147] rtc_cmos rtc_cmos: alarms up to one day, 114 bytes nvram
[    1.067389] i2c /dev entries driver
[    1.068280] device-mapper: uevent: version 1.0.3
[    1.069420] device-mapper: ioctl: 4.34.0-ioctl (2015-10-28) initialised: dm-devel@redhat.com
[    1.071193] ledtrig-cpu: registered to indicate activity on CPUs
[    1.072596] NET: Registered protocol family 10
[    1.073629] NET: Registered protocol family 17
[    1.074654] Key type dns_resolver registered
[    1.075774] registered taskstats version 1
[    1.076726] Loading compiled-in X.509 certificates
[    1.078256] Loaded X.509 cert 'Build time autogenerated kernel key: cf00e047681d67edb2720680708b7d9498083038'
[    1.080243] zswap: loaded using pool lzo/zbud
[    1.082864] Key type trusted registered
[    1.086203] Key type encrypted registered
[    1.087165] AppArmor: AppArmor sha1 policy hashing enabled
[    1.088284] ima: No TPM chip found, activating TPM-bypass!
[    1.089526] ima: Allocated hash algorithm: sha1
[    1.090561] evm: HMAC attrs: 0x1
[    1.091735]   Magic number: 1:430:395
[    1.092674] pci 0000:00:07.0: hash matches
[    1.093681] rtc_cmos rtc_cmos: setting system clock to 2021-08-21 19:22:57 UTC (1629573777)
[    1.095526] BIOS EDD facility v0.16 2004-Jun-25, 0 devices found
[    1.096786] EDD information not available.
[    1.221765] Freeing unused kernel memory: 1492K
[    1.222775] Write protecting the kernel read-only data: 14336k
[    1.224600] Freeing unused kernel memory: 1584K
[    1.225671] Freeing unused kernel memory: 52K
Loading, please wait...
starting version 229
[    1.241453] random: udevadm: uninitialized urandom read (16 bytes read, 3 bits of entropy available)
[    1.244236] random: udevadm: uninitialized urandom read (16 bytes read, 3 bits of entropy available)
[    1.247645] random: systemd-udevd: uninitialized urandom read (16 bytes read, 3 bits of entropy available)
[    1.251133] random: systemd-udevd: uninitialized urandom read (16 bytes read, 3 bits of entropy available)
[    1.253837] random: systemd-udevd: uninitialized urandom read (16 bytes read, 3 bits of entropy available)
[    1.265097] random: systemd-udevd: uninitialized urandom read (16 bytes read, 3 bits of entropy available)
[    1.276075] random: systemd-udevd: uninitialized urandom read (16 bytes read, 3 bits of entropy available)
[    1.278691] random: systemd-udevd: uninitialized urandom read (16 bytes read, 3 bits of entropy available)
[    1.284204] random: systemd-udevd: uninitialized urandom read (16 bytes read, 3 bits of entropy available)
[    1.287651] random: systemd-udevd: uninitialized urandom read (16 bytes read, 3 bits of entropy available)
[    1.361687] e1000: Intel(R) PRO/1000 Network Driver - version 7.3.21-k8-NAPI
[    1.363119] e1000: Copyright (c) 1999-2006 Intel Corporation.
[    1.372343] Fusion MPT base driver 3.04.20
[    1.373567] Copyright (c) 1999-2008 LSI Corporation
[    1.387405] Fusion MPT SPI Host driver 3.04.20
[    1.414102] AVX2 version of gcm_enc/dec engaged.
[    1.415231] AES CTR mode by8 optimization enabled
[    1.585745] input: ImExPS/2 Generic Explorer Mouse as /devices/platform/i8042/serio1/input/input4
[    1.782227] e1000 0000:00:03.0 eth0: (PCI:33MHz:32-bit) 02:a0:46:b5:71:eb
[    1.783914] e1000 0000:00:03.0 eth0: Intel(R) PRO/1000 Network Connection
[    1.788298] e1000 0000:00:03.0 enp0s3: renamed from eth0
[    1.791575] mptbase: ioc0: Initiating bringup
[    1.856490] ioc0: LSI53C1030 A0: Capabilities={Initiator}
[    2.017059] scsi host2: ioc0: LSI53C1030 A0, FwRev=00000000h, Ports=1, MaxQ=256, IRQ=20
[    2.128491] scsi 2:0:0:0: Direct-Access     VBOX     HARDDISK         1.0  PQ: 0 ANSI: 5
[    2.130272] scsi target2:0:0: Beginning Domain Validation
[    2.133101] scsi target2:0:0: Domain Validation skipping write tests
[    2.134535] scsi target2:0:0: Ending Domain Validation
[    2.135666] scsi target2:0:0: asynchronous
[    2.137556] scsi 2:0:1:0: Direct-Access     VBOX     HARDDISK         1.0  PQ: 0 ANSI: 5
[    2.139899] scsi target2:0:1: Beginning Domain Validation
[    2.143373] scsi target2:0:1: Domain Validation skipping write tests
[    2.144655] scsi target2:0:1: Ending Domain Validation
[    2.145775] scsi target2:0:1: asynchronous
[    2.161882] sd 2:0:0:0: Attached scsi generic sg0 type 0
[    2.163116] sd 2:0:0:0: [sda] 83886080 512-byte logical blocks: (42.9 GB/40.0 GiB)
[    2.165316] sd 2:0:1:0: [sdb] 20480 512-byte logical blocks: (10.5 MB/10.0 MiB)
[    2.167592] sd 2:0:1:0: Attached scsi generic sg1 type 0
[    2.169182] sd 2:0:1:0: [sdb] Write Protect is off
[    2.170380] sd 2:0:0:0: [sda] Write Protect is off
[    2.171591] sd 2:0:0:0: [sda] Incomplete mode parameter data
[    2.172759] sd 2:0:0:0: [sda] Assuming drive cache: write through
[    2.174126] sd 2:0:1:0: [sdb] Incomplete mode parameter data
[    2.175462] sd 2:0:1:0: [sdb] Assuming drive cache: write through
[    2.182527]  sda: sda1
[    2.184588] sd 2:0:0:0: [sda] Attached SCSI disk
[    2.186562] sd 2:0:1:0: [sdb] Attached SCSI disk
Begin: Loading essential drivers ... [    3.598522] md: linear personality registered for level -1
[    3.603192] md: multipath personality registered for level -4
[    3.607337] md: raid0 personality registered for level 0
[    3.612481] md: raid1 personality registered for level 1
[    3.684097] raid6: sse2x1   gen() 10701 MB/s
[    3.751989] raid6: sse2x1   xor()  7469 MB/s
[    3.819965] raid6: sse2x2   gen() 13170 MB/s
[    3.887999] raid6: sse2x2   xor()  8591 MB/s
[    3.955958] raid6: sse2x4   gen() 11509 MB/s
[    4.024029] raid6: sse2x4   xor()  9518 MB/s
[    4.091964] raid6: avx2x1   gen() 18300 MB/s
[    4.160036] raid6: avx2x2   gen() 18123 MB/s
[    4.228059] raid6: avx2x4   gen() 24135 MB/s
[    4.229270] raid6: using algorithm avx2x4 gen() 24135 MB/s
[    4.230521] raid6: using avx2x2 recovery algorithm
[    4.234249] xor: automatically using best checksumming function:
[    4.272561]    avx       : 28398.000 MB/sec
[    4.276248] async_tx: api initialized (async)
[    4.291222] md: raid6 personality registered for level 6
[    4.292431] md: raid5 personality registered for level 5
[    4.293676] md: raid4 personality registered for level 4
[    4.301274] md: raid10 personality registered for level 10
done.
Begin: Running /scripts/init-premount ... done.
Begin: Mounting root file system ... Begin: Running /scripts/local-top ... done.
Begin: Running /scripts/local-premount ... [    4.342310] Btrfs loaded
Scanning for Btrfs filesystems
done.
Warning: fsck not present, so skipping root file system
[    4.375151] EXT4-fs (sda1): mounted filesystem with ordered data mode. Opts: (null)
done.
Begin: Running /scripts/local-bottom ... done.
Begin: Running /scripts/init-bottom ... done.
[    4.482307] systemd[1]: systemd 229 running in system mode. (+PAM +AUDIT +SELINUX +IMA +APPARMOR +SMACK +SYSVINIT +UTMP +LIBCRYPTSETUP +GCRYPT +GNUTLS +ACL +XZ -LZ4 +SECCOMP +BLKID +ELFUTILS +KMOD -IDN)
[    4.486048] systemd[1]: Detected virtualization oracle.
[    4.487107] systemd[1]: Detected architecture x86-64.

Welcome to [1mUbuntu 16.04.7 LTS[0m!

[    4.491463] systemd[1]: Set hostname to <ubuntu>.
[    4.494847] systemd[1]: Initializing machine ID from random generator.
[    4.496280] systemd[1]: Installed transient /etc/machine-id file.
[    4.658666] systemd[1]: Reached target Swap.
[[0;32m  OK  [0m] Reached target Swap.
[    4.661080] systemd[1]: Listening on udev Kernel Socket.
[[0;32m  OK  [0m] Listening on udev Kernel Socket.
[    4.663515] systemd[1]: Created slice User and Session Slice.
[[0;32m  OK  [0m] Created slice User and Session Slice.
[    4.666526] systemd[1]: Listening on LVM2 metadata daemon socket.
[[0;32m  OK  [0m] Listening on LVM2 metadata daemon socket.
[    4.669272] systemd[1]: Listening on Journal Audit Socket.
[[0;32m  OK  [0m] Listening on Journal Audit Socket.
[    4.671992] systemd[1]: Set up automount Arbitrary Executable File Formats File System Automount Point.
[[0;32m  OK  [0m] Set up automount Arbitrary Executab...ats File System Automount Point.
[    4.675396] systemd[1]: Reached target System Time Synchronized.
[[0;32m  OK  [0m] Reached target System Time Synchronized.
[    4.678159] systemd[1]: Listening on udev Control Socket.
[[0;32m  OK  [0m] Listening on udev Control Socket.
[    4.680711] systemd[1]: Listening on Journal Socket.
[[0;32m  OK  [0m] Listening on Journal Socket.
[    4.688609] systemd[1]: Reached target Encrypted Volumes.
[[0;32m  OK  [0m] Reached target Encrypted Volumes.
[    4.691231] systemd[1]: Listening on LVM2 poll daemon socket.
[[0;32m  OK  [0m] Listening on LVM2 poll daemon socket.
[    4.693492] systemd[1]: Listening on Syslog Socket.
[[0;32m  OK  [0m] Listening on Syslog Socket.
[    4.695629] systemd[1]: Listening on Device-mapper event daemon FIFOs.
[[0;32m  OK  [0m] Listening on Device-mapper event daemon FIFOs.
[    4.704215] systemd[1]: Started Forward Password Requests to Wall Directory Watch.
[[0;32m  OK  [0m] Started Forward Password Requests to Wall Directory Watch.
[    4.707141] systemd[1]: Started Trigger resolvconf update for networkd DNS.
[[0;32m  OK  [0m] Started Trigger resolvconf update for networkd DNS.
[    4.710108] systemd[1]: Created slice System Slice.
[[0;32m  OK  [0m] Created slice System Slice.
[    4.712557] systemd[1]: Starting Set console keymap...
         Starting Set console keymap...
[    4.720987] systemd[1]: Mounting Debug File System...
         Mounting Debug File System...
[    4.725915] systemd[1]: Mounting Huge Pages File System...
         Mounting Huge Pages File System...
[    4.734713] systemd[1]: Starting Monitoring of LVM2 mirrors, snapshots etc. using dmeventd or progress polling...
         Starting Monitoring of LVM2 mirrors... dmeventd or progress polling...
[    4.744573] systemd[1]: Starting Nameserver information manager...
         Starting Nameserver information manager...
[    4.752034] systemd[1]: Created slice system-serial\x2dgetty.slice.
[[0;32m  OK  [0m] Created slice system-serial\x2dgetty.slice.
[    4.759912] systemd[1]: Starting Load Kernel Modules...
         Starting Load Kernel Modules...
[    4.769140] systemd[1]: Mounting POSIX Message Queue File System...
         Mounting POSIX Message Queue File System...
[    4.773208] systemd[1]: Reached target Slices.
[[0;32m  OK  [0m] Reached target Slices.
[    4.776541] systemd[1]: Reached target User and Group Name Lookups.
[[0;32m  OK  [0m] Reached target User and Group Name Lookups.
[    4.781387] systemd[1]: Starting Create list of required static device nodes for the current kernel...
[    4.785152] Loading iSCSI transport class v2.0-870.
         Starting Create list of required st... nodes for the current kernel...
[    4.789709] systemd[1]: Listening on fsck to fsckd communication Socket.
[[0;32m  OK  [0m] Listening on fsck to fsckd communication Socket.
[    4.792728] systemd[1]: Starting File System Check on Root Device...
         Starting File System Check on Root Device...
[    4.798209] systemd[1]: Listening on /dev/initctl Compatibility Named Pipe.
[[0;32m  OK  [0m] Listening on /dev/initctl Compatibility Named Pipe.
[    4.806032] systemd[1]: Starting Uncomplicated firewall...
         Starting Uncomplicated firewall...
[    4.811722] systemd[1]: Listening on Journal Socket (/dev/log).
[[0;32m  OK  [0m] Listening on Journal Socket (/dev/log).
[    4.816638] systemd[1]: Starting Journal Service...
         Starting Journal Service...
[    4.821278] iscsi: registered transport (tcp)
[    4.825577] systemd[1]: Mounted POSIX Message Queue File System.
[[0;32m  OK  [0m] Mounted POSIX Message Queue File System.
[    4.827301] systemd[1]: Mounted Huge Pages File System.
[[0;32m  OK  [0m] Mounted Huge Pages File System.
[    4.834515] systemd[1]: Mounted Debug File System.
[[0;32m  OK  [0m] Mounted Debug File System.
[    4.840851] systemd[1]: Started Create list of required static device nodes for the current kernel.
[[0;32m  OK  [0m] Started Create list of required sta...ce nodes for the current kernel.
[    4.864412] systemd[1]: Started File System Check on Root Device.
[[0;32m  OK  [0m] Started File System Check on Root Device.
[    4.872495] systemd[1]: Started Uncomplicated firewall.
[[0;32m  OK  [0m] Started Uncomplicated firewall.
[    4.880308] systemd[1]: Started Nameserver information manager.
[[0;32m  OK  [0m] Started Nameserver information manager.
[    4.886155] systemd[1]: Started File System Check Daemon to report status.
[[0;32m  OK  [0m] Started File System Check Daemon to report status.
[    4.892875] systemd[1]: Started LVM2 metadata daemon.
[[0;32m  OK  [0m] Started LVM2 metadata daemon.
[    4.896891] systemd[1]: Starting Remount Root and Kernel File Systems...
         Starting Remount Root and Kernel File Systems...
[    4.911345] systemd[1]: Starting Create Static Device Nodes in /dev...
         Starting Create Static Device Nodes in /dev...
[    4.914537] systemd[1]: Started Journal Service.
[[0;32m  OK  [0m] Started Journal Service.
[    4.927248] EXT4-fs (sda1): re-mounted. Opts: (null)
[[0;32m  OK  [0m] Started Remount Root and Kernel File Systems.
         Starting udev Coldplug all Devices...
         Starting Load/Save Random Seed...
         Starting Flush Journal to Persistent Storage...
[[0;32m  OK  [0m] Started Load/Save Random Seed.
[    4.973671] systemd-journald[396]: Received request to flush runtime journal from PID 1
[[0;32m  OK  [0m] Started Create Static Device Nodes in /dev.
[[0;32m  OK  [0m] Started Flush Journal to Persistent Storage.
[    4.986958] iscsi: registered transport (iser)
         Starting udev Kernel Device Manager...
[[0;32m  OK  [0m] Started Load Kernel Modules.
         Mounting FUSE Control File System...
         Starting Apply Kernel Variables...
[[0;32m  OK  [0m] Mounted FUSE Control File System.
[[0;32m  OK  [0m] Started Apply Kernel Variables.
[[0;32m  OK  [0m] Started udev Kernel Device Manager.
[[0;32m  OK  [0m] Started Set console keymap.
[[0;32m  OK  [0m] Started udev Coldplug all Devices.
[[0;32m  OK  [0m] Started Dispatch Password Requests to Console Directory Watch.
[[0;32m  OK  [0m] Found device /dev/ttyS0.
[[0;32m  OK  [0m] Listening on Load/Save RF Kill Switch Status /dev/rfkill Watch.
[[0;32m  OK  [0m] Started Monitoring of LVM2 mirrors,...ng dmeventd or progress polling.
[[0;32m  OK  [0m] Reached target Local File Systems (Pre).
[[0;32m  OK  [0m] Reached target Local File Systems.
         Starting Set console font and keymap...
         Starting Create Volatile Files and Directories...
         Starting LSB: AppArmor initialization...
         Starting Tell Plymouth To Write Out Runtime Data...
         Starting Initial cloud-init job (pre-networking)...
         Starting Commit a transient machine-id on disk...
[[0;32m  OK  [0m] Started Commit a transient machine-id on disk.
[[0;32m  OK  [0m] Started Tell Plymouth To Write Out Runtime Data.
[[0;32m  OK  [0m] Started Create Volatile Files and Directories.
         Starting Update UTMP about System Boot/Shutdown...
[[0;32m  OK  [0m] Started Update UTMP about System Boot/Shutdown.
[[0;32m  OK  [0m] Started Set console font and keymap.
[[0;32m  OK  [0m] Created slice system-getty.slice.
[    7.997058] cloud-init[601]: Cloud-init v. 21.1-19-gbad84ad4-0ubuntu1~16.04.2 running 'init-local' at Sat, 21 Aug 2021 19:23:03 +0000. Up 7.33 seconds.
[[0;32m  OK  [0m] Started Initial cloud-init job (pre-networking).
[[0;32m  OK  [0m] Reached target Network (Pre).
[[0;32m  OK  [0m] Started LSB: AppArmor initialization.
         Starting Load AppArmor profiles managed internally by snapd...
         Starting Raise network interfaces...
[[0;32m  OK  [0m] Started Load AppArmor profiles managed internally by snapd.
[[0;32m  OK  [0m] Started Raise network interfaces.
         Starting Initial cloud-init job (metadata service crawler)...
[[0;32m  OK  [0m] Reached target Network.
[   10.377149] cloud-init[953]: Cloud-init v. 21.1-19-gbad84ad4-0ubuntu1~16.04.2 running 'init' at Sat, 21 Aug 2021 19:23:06 +0000. Up 9.77 seconds.
[   10.378741] cloud-init[953]: ci-info: ++++++++++++++++++++++++++++++++++++++Net device info++++++++++++++++++++++++++++++++++++++
[   10.384317] cloud-init[953]: ci-info: +--------+------+----------------------------+---------------+--------+-------------------+
[   10.385750] cloud-init[953]: ci-info: | Device |  Up  |          Address           |      Mask     | Scope  |     Hw-Address    |
[   10.387274] cloud-init[953]: ci-info: +--------+------+----------------------------+---------------+--------+-------------------+
[   10.389001] cloud-init[953]: ci-info: | enp0s3 | True |         10.0.2.15          | 255.255.255.0 | global | 02:a0:46:b5:71:eb |
[   10.392395] cloud-init[953]: ci-info: | enp0s3 | True | fe80::a0:46ff:feb5:71eb/64 |       .       |  link  | 02:a0:46:b5:71:eb |
[   10.393824] cloud-init[953]: ci-info: |   lo   | True |         127.0.0.1          |   255.0.0.0   |  host  |         .         |
[   10.398860] cloud-init[953]: ci-info: |   lo   | True |          ::1/128           |       .       |  host  |         .         |
[   10.404565] cloud-init[953]: ci-info: +--------+------+----------------------------+---------------+--------+-------------------+
[   10.406520] cloud-init[953]: ci-info: +++++++++++++++++++++++++++Route IPv4 info++++++++++++++++++++++++++++
[   10.408408] cloud-init[953]: ci-info: +-------+-------------+----------+---------------+-----------+-------+
[   10.412381] cloud-init[953]: ci-info: | Route | Destination | Gateway  |    Genmask    | Interface | Flags |
[   10.413840] cloud-init[953]: ci-info: +-------+-------------+----------+---------------+-----------+-------+
[   10.420363] cloud-init[953]: ci-info: |   0   |   0.0.0.0   | 10.0.2.2 |    0.0.0.0    |   enp0s3  |   UG  |
[   10.421816] cloud-init[953]: ci-info: |   1   |   10.0.2.0  | 0.0.0.0  | 255.255.255.0 |   enp0s3  |   U   |
[   10.428326] cloud-init[953]: ci-info: +-------+-------------+----------+---------------+-----------+-------+
[   10.429514] cloud-init[953]: ci-info: +++++++++++++++++++Route IPv6 info+++++++++++++++++++
[   10.430410] cloud-init[953]: ci-info: +-------+-------------+---------+-----------+-------+
[   10.431402] cloud-init[953]: ci-info: | Route | Destination | Gateway | Interface | Flags |
[   10.432586] cloud-init[953]: ci-info: +-------+-------------+---------+-----------+-------+
[   10.433564] cloud-init[953]: ci-info: |   0   |  fe80::/64  |    ::   |   enp0s3  |   U   |
[   10.436259] cloud-init[953]: ci-info: |   3   |   ff00::/8  |    ::   |   enp0s3  |   U   |
[   10.437555] cloud-init[953]: ci-info: +-------+-------------+---------+-----------+-------+
[   10.444377] cloud-init[953]: Generating public/private rsa key pair.
[   10.445268] cloud-init[953]: Your identification has been saved in /etc/ssh/ssh_host_rsa_key.
[   10.446894] cloud-init[953]: Your public key has been saved in /etc/ssh/ssh_host_rsa_key.pub.
[   10.456628] cloud-init[953]: The key fingerprint is:
[   10.464681] cloud-init[953]: SHA256:C+mA/UAXdCz0V15K5jG0EjJ99HVF0OOa6NV4jqGXbzQ root@ubuntu-xenial
[[0;32m  OK  [0m] Started Initial cloud-init job (metadata service crawler).
[[0;32m  OK  [0m] Reached target Cloud-config availability.
[[0;32m  OK  [0m] Reached target System Initialization.
[[0;32m  OK  [0m] Listening on D-Bus System Message Bus Socket.
         Starting Socket activation for snappy daemon.
[   10.469664] cloud-init[953]: The key's randomart image is:
[   10.481311] cloud-init[953]: +---[RSA 2048]----+
[   10.481968] cloud-init[953]: |     o+.+..oO o+*|
[   10.482625] cloud-init[953]: |      .+.o.B.B oo|
[   10.483215] cloud-init[953]: |    . ... o.= o .|
[[0;32m  OK  [0m] Started Daily apt download activities.
[[0;32m  OK  [0m] Started Daily apt upgrade and clean activities.
[[0;32m  OK  [0m] Started Ubuntu Advantage update messaging.
[[0;32m  OK  [0m] Started Daily Cleanup of Temporary Directories.
[   10.486076] cloud-init[953]: |   + . . . .   . |
[   10.492122] cloud-init[953]: |  . + o S   . =  |
[[0;32m  OK  [0m] Started Message of the Day.
[   10.502578] cloud-init[953]: |     = . . . * E |
[   10.503664] cloud-init[953]: |      o . . o B .|
[   10.504705] cloud-init[[0;32m  OK  [0m] Started ACPI Events Check.
[[0;32m  OK  [0m] Reached target Paths.
[953]: |           o + o |
         Starting LXD - unix socket.
[   10.508945] cloud-init[953]: |            . o. |
[[0;32m  OK  [0m] Listening on ACPID Listen Socket.
[   10.511198] cloud-init[953]: +----[SHA256]-----+
[[0;32m  OK  [0m] Reached target Timers.
[[0;32m  OK  [0m] Listening on UUID daemon activation socket.
[[0;32m  OK  [0m] Reached target Network is Online.
[   10.516261] cloud-init[953]: Generating public/private dsa key pair.
[   10.517840] cloud-init[953]: Your identification has been saved in /etc/ssh/ssh_host_dsa_key.
[   10.520238] cloud-init[953]: Your public key has been saved in /etc/ssh/ssh_host_dsa_key.pub.
[   10.521720] cloud-init[953]: The key fingerprint is:
[   10.522652] cloud-init[953]: SHA256:J31LEbAbDea5PfwbdSuB8pCWgLR+2i87TInp6J9qO38 root@ubuntu-xenial         Starting iSCSI initiator daemon (iscsid)...
[[0;32m  OK  [0m] Listening on Socket activation for snappy daemon.
[[0;32m  OK  [0m] Listening on LXD - unix socket.
[[0;32m  OK  [0m
[   10.528363] cloud-init[953]: The key's randomart image is:
[   10.529404] cloud-init[953]: +---[DSA 1024]----+
[   10.530137] cloud-init[953]: |     .    +..    |
[   10.530818] cloud-init[953]: |    . o  o = .   |
[   10.531573] cloud-init[953]: |     o .  = o    |] Reached target Sockets.
[[0;32m  OK  [0m] Reached target Basic System.

         Starting Pollinate to seed the pseudo random number generator...
         Starting Accounts Service...
[[0;32m  OK  [0m] Started FUSE filesystem for LXC.
[   10.549485] cloud-init[[0;32m  OK  [0m] Started Regular background program processing daemon.
[953]: |    .   ..o*..   |
         Starting Login Service...
         Starting Virtualbox guest utils...
         Starting LXD - container startup/shutdown...
[[0;32m  OK  [0m] Started Deferred execution scheduler.
[[0;32m  OK  [0m] Started ACPI event daemon.
[[0;32m  OK  [0m] Started D-Bus System Message Bus.
[   10.597569] cloud-init[953]: |     .o.S*=.*.  o|
[   10.599085] cloud-init[953]: |     o+o.o+o +..o|
[   10.601715] cloud-init[953]: |    o.o.   ...o. |
[   10.608259] cloud-init[953]: |   + ..E.     .o |
[   10.610707] cloud-init[953]: |  o+*+..+.    .  |
[   10.616259] cloud-init[953]: +----[SHA256]-----+
[   10.619421] cloud-init[953]: Generating public/private ecdsa key pair.
[   10.622151] cloud-init[953]: Your identification has been saved in /etc/ssh/ssh_host_ecdsa_key.
[   10.627282] cloud-init[953]: Your public key has been saved in /etc/ssh/ssh_host_ecdsa_key.pub.
[   10.629372] cloud-init[953]: The key fingerprint is:
[   10.631086] cloud-init[953]: SHA256:So06wKavffzHpN7SE32tCjnx1IuEqU1TcDoIFFPInzY root@ubuntu-xenial
[   10.632427] cloud-init[953]: The key's randomart image is:
[   10.634774] cloud-init[953]: +---[ECDSA 256]---+
[   10.635774] cloud-init[953]: |   o=+. . .      |
[   10.637409] cloud-init[953]: |    oo . +       |
[   10.642814] cloud-init[953]: |     ...o .      |
         Starting System Logging Service...
         Starting LSB: MD monitoring daemon...
         Starting /etc/rc.local Compatibility...
         Starting LSB: Record successful boot for GRUB...
[   10.652552] cloud-init[953]: | .    Eo = .     |
         Starting Snap Daemon...
[[0;32m  OK  [0m] Started /etc/rc.local Compatibility.
[   10.684227] cloud-init[953]: |  +  .o.S.o ..   |
[[0;32m  OK  [0m] Started iSCSI initiator daemon (iscsid).
         Starting Authenticate and Authorize Users to Run Privileged Tasks...
         Starting Login to default iSCSI targets...
[[0;32m  OK  [0m] Started System Logging Service.
[[0;32m  OK  [0m] Started Login Service.
[[0;32m  OK  [0m] Started Unattended Upgrades Shutdown.
[   10.784665] cloud-init[953]: | o . o =oB.....  |
[[0;32m  OK  [0m] Started Login to default iSCSI targets.
[[0;32m  OK  [0m] Reached target Remote File Systems (Pre).
[[0;32m  OK  [0m] Reached target Remote File Systems.
         Starting Permit User Sessions...
         Starting LSB: Set the CPU Frequency Scaling governor to "ondemand"...
         Starting LSB: automatic crash report generation...
         Starting LSB: daemon to balance interrupts for SMP systems...
[   10.830485] cloud-init[953]: |.  .o o==.o...   |
[[0;32m  OK  [0m] Started LSB: MD monitoring daemon.
[[0;32m  OK  [0m] Started Permit User Sessions.
[   10.846050] cloud-init[953]: | o  o.o.=o  .    |
[   10.852798] cloud-init[953]: |..o. ooo....     |
[[0;32m  OK  [0m] Started Authenticate and Authorize Users to Run Privileged Tasks.
[   10.859455] cloud-init[953]: +----[SHA256]-----+
[[0;32m  OK  [0m] Started Accounts Service.
         Starting Terminate Plymouth Boot Screen...
         Starting Hold until boot process finishes up...
[[0;32m  OK  [0m] Started LSB: Set the CPU Frequency Scaling governor to "ondemand".
[[0;32m  OK  [0m] Started Hold until boot process finishes up.
         Starting Set console scheme...
[[0;32m  OK  [0m] Started Getty on tty1.
[[0;32m  OK  [0m] Started Serial Getty on ttyS0.
[[0;32m  OK  [0m] Reached target Login Prompts.
[   10.865904] cloud-init[953]: Generating public/private ed25519 key pair.
[[0;32m  OK  [0m] Started Terminate Plymouth Boot Screen.
[[0;32m  OK  [0m] Started Set console scheme.
[   10.895945] cloud-init[953]: Your identification has been saved in /etc/ssh/ssh_host_ed25519_key.
[   10.904700] cloud-init[953]: Your public key has been saved in /etc/ssh/ssh_host_ed25519_key.pub.
[   10.907529] cloud-init[953]: The key fingerprint is:
[   10.911192] cloud-init[953]: SHA256:DdPjdfHx4c7UW88ZlIZ9XfQukERLvn7cB0mQeSvfrnE root@ubuntu-xenial
[   10.918034] cloud-init[953]: The key's randomart image is:
[   10.925666] cloud-init[953]: +--[ED25519 256]--+
[[0;32m  OK  [0m] Started LSB: Record successful boot for GRUB.
[   10.938321] cloud-init[953]: |           .=o+=*|
[   10.939131] cloud-init[953]: |         . +o=+*O|
[   10.941581] cloud-init[953]: |        o o *.+=B|
[   10.944169] cloud-init[953]: |         = o.==+*|
[   10.946774] cloud-init[953]: |        S o .o+*+|
[   10.947376] cloud-init[953]: |           . ..+.|
[[0;32m  OK  [0m] Started LSB: daemon to balance interrupts for SMP systems.
[   10.973475] cloud-init[953]: |            . +.E|
[[0;32m  OK  [0m] Started LSB: automatic crash report generation.
[   10.975735] cloud-init[953]: |             . oo|
[   10.988712] cloud-init[953]: |              .. |
[   11.007074] cloud-init[953]: +----[SHA256]-----+
[[0;32m  OK  [0m] Started Virtualbox guest utils.
[[0;32m  OK  [0m] Started LXD - container startup/shutdown.
[[0;32m  OK  [0m] Started Snap Daemon.
         Starting Wait until snapd is fully seeded...
[[0;32m  OK  [0m] Started Pollinate to seed the pseudo random number generator.
         Starting OpenBSD Secure Shell server...
[[0;32m  OK  [0m] Started OpenBSD Secure Shell server.
[[0;32m  OK  [0m] Created slice User Slice of vagrant.
         Starting User Manager for UID 1000...
[[0;32m  OK  [0m] Started Session 1 of user vagrant.
[[0;32m  OK  [0m] Started User Manager for UID 1000.

Ubuntu 16.04.7 LTS ubuntu-xenial ttyS0

ubuntu-xenial login: [   17.172941] cloud-init[1478]: Generating locales (this might take a while)...
[   20.640581] cloud-init[1478]:   en_US.UTF-8... done
[   20.641733] cloud-init[1478]: Generation complete.
[   21.064962] cloud-init[1478]: Cloud-init v. 21.1-19-gbad84ad4-0ubuntu1~16.04.2 running 'modules:config' at Sat, 21 Aug 2021 19:23:13 +0000. Up 17.00 seconds.
ci-info: no authorized SSH keys fingerprints found for user ubuntu.
<14>Aug 21 19:23:18 ec2: 
<14>Aug 21 19:23:18 ec2: #############################################################
<14>Aug 21 19:23:18 ec2: -----BEGIN SSH HOST KEY FINGERPRINTS-----
<14>Aug 21 19:23:18 ec2: 1024 SHA256:J31LEbAbDea5PfwbdSuB8pCWgLR+2i87TInp6J9qO38 root@ubuntu-xenial (DSA)
<14>Aug 21 19:23:18 ec2: 256 SHA256:So06wKavffzHpN7SE32tCjnx1IuEqU1TcDoIFFPInzY root@ubuntu-xenial (ECDSA)
<14>Aug 21 19:23:18 ec2: 256 SHA256:DdPjdfHx4c7UW88ZlIZ9XfQukERLvn7cB0mQeSvfrnE root@ubuntu-xenial (ED25519)
<14>Aug 21 19:23:18 ec2: 2048 SHA256:C+mA/UAXdCz0V15K5jG0EjJ99HVF0OOa6NV4jqGXbzQ root@ubuntu-xenial (RSA)
<14>Aug 21 19:23:18 ec2: -----END SSH HOST KEY FINGERPRINTS-----
<14>Aug 21 19:23:18 ec2: #############################################################
-----BEGIN SSH HOST KEY KEYS-----
ecdsa-sha2-nistp256 AAAAE2VjZHNhLXNoYTItbmlzdHAyNTYAAAAIbmlzdHAyNTYAAABBBNOZJFjl9bk/FTV0wGTLwZX3jp5wxFuLed52BJat+XRk3dANDHjsZTB4XSbhnQygaDHbljYRuqK3XjVZjksSk54= root@ubuntu-xenial
ssh-ed25519 AAAAC3NzaC1lZDI1NTE5AAAAIET3F7ICcSsrZRJMosWh+gHwBUmAMauYTSnFUSI7B4uR root@ubuntu-xenial
ssh-rsa AAAAB3NzaC1yc2EAAAADAQABAAABAQClKK9obEWVP6+m+lLhNwnggS+G/FNld8COfam5x0nQlYEiJ1/c5YqL+WRexD4cZTSNu/dvr/LhHaXKZ1XnzmaPHT3oHO1MWoY4NMNGGxqr37ZzJA4fuj1mR9mZwewbqyrMjtOFRBVPA+tYD/QcBV1py4KMcVw70myHz7xzhvskeG4IwXbcLNNl2Tcxi96jxpRY9NEr6rSteFVm+2DuetAmo5ZenaR7IiDTM61BjKaNPfYhpGg/yovGqp6KsOVauyuFUXCsU/IJl6Q+O5ZAIuzBEvS0YqnPWzPMdxPVcZhodbAwpdfRHy0nP4SQchfFGq1toKoBDy4CLCjT9lCBaTbN root@ubuntu-xenial
-----END SSH HOST KEY KEYS-----
[   21.748903] cloud-init[1637]: Cloud-init v. 21.1-19-gbad84ad4-0ubuntu1~16.04.2 running 'modules:final' at Sat, 21 Aug 2021 19:23:18 +0000. Up 21.54 seconds.
[   21.750437] cloud-init[1637]: ci-info: no authorized SSH keys fingerprints found for user ubuntu.
[   21.751368] cloud-init[1637]: Cloud-init v. 21.1-19-gbad84ad4-0ubuntu1~16.04.2 finished at Sat, 21 Aug 2021 19:23:18 +0000. Datasource DataSourceNoCloud [seed=/dev/sdb][dsmode=net].  Up 21.74 seconds
